-------------------------------------------------------------------------------
Test set: com.examly.springapp.SpringappApplicationTests
-------------------------------------------------------------------------------
Tests run: 79, Failures: 35, Errors: 0, Skipped: 0, Time elapsed: 4.2 s <<< FAILURE! - in com.examly.springapp.SpringappApplicationTests
com.examly.springapp.SpringappApplicationTests.Day7_test_InstructorController_Has_RequestMapping  Time elapsed: 0.007 s  <<< FAILURE!
org.opentest4j.AssertionFailedError: ❌ No @RequestMapping found on InstructorController (class or methods) ==> expected: <true> but was: <false>
	at com.examly.springapp.SpringappApplicationTests.Day7_test_InstructorController_Has_RequestMapping(SpringappApplicationTests.java:453)

com.examly.springapp.SpringappApplicationTests.Day7_test_CourseController_Has_RequestMapping  Time elapsed: 0.003 s  <<< FAILURE!
org.opentest4j.AssertionFailedError: ❌ No @RequestMapping found on CourseController (class or methods) ==> expected: <true> but was: <false>
	at com.examly.springapp.SpringappApplicationTests.Day7_test_CourseController_Has_RequestMapping(SpringappApplicationTests.java:511)

com.examly.springapp.SpringappApplicationTests.Day7_test_StudentController_Has_RequestMapping  Time elapsed: 0.002 s  <<< FAILURE!
org.opentest4j.AssertionFailedError: ❌ No @RequestMapping found on StudentController (class or methods) ==> expected: <true> but was: <false>
	at com.examly.springapp.SpringappApplicationTests.Day7_test_StudentController_Has_RequestMapping(SpringappApplicationTests.java:540)

com.examly.springapp.SpringappApplicationTests.Day7_test_EnrollmentController_Has_RequestMapping  Time elapsed: 0.002 s  <<< FAILURE!
org.opentest4j.AssertionFailedError: ❌ No @RequestMapping found on EnrollmentController (class or methods) ==> expected: <true> but was: <false>
	at com.examly.springapp.SpringappApplicationTests.Day7_test_EnrollmentController_Has_RequestMapping(SpringappApplicationTests.java:627)

com.examly.springapp.SpringappApplicationTests.Day8_test_CourseService_File_Exists  Time elapsed: 0.002 s  <<< FAILURE!
org.opentest4j.AssertionFailedError: expected: <true> but was: <false>
	at com.examly.springapp.SpringappApplicationTests.Day8_test_CourseService_File_Exists(SpringappApplicationTests.java:645)

com.examly.springapp.SpringappApplicationTests.Day8_test_ModuleService_File_Exists  Time elapsed: 0.002 s  <<< FAILURE!
org.opentest4j.AssertionFailedError: expected: <true> but was: <false>
	at com.examly.springapp.SpringappApplicationTests.Day8_test_ModuleService_File_Exists(SpringappApplicationTests.java:651)

com.examly.springapp.SpringappApplicationTests.Day8_test_StudentService_File_Exists  Time elapsed: 0.003 s  <<< FAILURE!
org.opentest4j.AssertionFailedError: expected: <true> but was: <false>
	at com.examly.springapp.SpringappApplicationTests.Day8_test_StudentService_File_Exists(SpringappApplicationTests.java:657)

com.examly.springapp.SpringappApplicationTests.Day8_test_EnrollmentService_File_Exists  Time elapsed: 0.002 s  <<< FAILURE!
org.opentest4j.AssertionFailedError: expected: <true> but was: <false>
	at com.examly.springapp.SpringappApplicationTests.Day8_test_EnrollmentService_File_Exists(SpringappApplicationTests.java:663)

com.examly.springapp.SpringappApplicationTests.Day8_test_InstructorServiceImpl_File_Exists  Time elapsed: 0.002 s  <<< FAILURE!
org.opentest4j.AssertionFailedError: expected: <true> but was: <false>
	at com.examly.springapp.SpringappApplicationTests.Day8_test_InstructorServiceImpl_File_Exists(SpringappApplicationTests.java:669)

com.examly.springapp.SpringappApplicationTests.Day8_test_CourseServiceImpl_File_Exists  Time elapsed: 0.003 s  <<< FAILURE!
org.opentest4j.AssertionFailedError: expected: <true> but was: <false>
	at com.examly.springapp.SpringappApplicationTests.Day8_test_CourseServiceImpl_File_Exists(SpringappApplicationTests.java:675)

com.examly.springapp.SpringappApplicationTests.Day8_test_ModuleServiceImpl_File_Exists  Time elapsed: 0.002 s  <<< FAILURE!
org.opentest4j.AssertionFailedError: expected: <true> but was: <false>
	at com.examly.springapp.SpringappApplicationTests.Day8_test_ModuleServiceImpl_File_Exists(SpringappApplicationTests.java:681)

com.examly.springapp.SpringappApplicationTests.Day8_test_StudentServiceImpl_File_Exists  Time elapsed: 0.002 s  <<< FAILURE!
org.opentest4j.AssertionFailedError: expected: <true> but was: <false>
	at com.examly.springapp.SpringappApplicationTests.Day8_test_StudentServiceImpl_File_Exists(SpringappApplicationTests.java:687)

com.examly.springapp.SpringappApplicationTests.Day8_test_EnrollmentServiceImpl_File_Exists  Time elapsed: 0.003 s  <<< FAILURE!
org.opentest4j.AssertionFailedError: expected: <true> but was: <false>
	at com.examly.springapp.SpringappApplicationTests.Day8_test_EnrollmentServiceImpl_File_Exists(SpringappApplicationTests.java:693)

com.examly.springapp.SpringappApplicationTests.Day8_testAddInstructor  Time elapsed: 0.056 s  <<< FAILURE!
java.lang.AssertionError: Status expected:<201> but was:<200>
	at com.examly.springapp.SpringappApplicationTests.Day8_testAddInstructor(SpringappApplicationTests.java:706)

com.examly.springapp.SpringappApplicationTests.Day8_testGetInstructorById  Time elapsed: 0.021 s  <<< FAILURE!
java.lang.AssertionError: No value at JSON path "$.instructorName"
	at com.examly.springapp.SpringappApplicationTests.Day8_testGetInstructorById(SpringappApplicationTests.java:729)
Caused by: java.lang.IllegalArgumentException: json can not be null or empty
	at com.examly.springapp.SpringappApplicationTests.Day8_testGetInstructorById(SpringappApplicationTests.java:729)

com.examly.springapp.SpringappApplicationTests.Day9_testPagination_PageNumberApplied  Time elapsed: 0.011 s  <<< FAILURE!
java.lang.AssertionError: Status expected:<200> but was:<404>
	at com.examly.springapp.SpringappApplicationTests.Day9_testPagination_PageNumberApplied(SpringappApplicationTests.java:754)

com.examly.springapp.SpringappApplicationTests.Day9_testPagination_PageSizeApplied  Time elapsed: 0.006 s  <<< FAILURE!
java.lang.AssertionError: Status expected:<200> but was:<404>
	at com.examly.springapp.SpringappApplicationTests.Day9_testPagination_PageSizeApplied(SpringappApplicationTests.java:764)

com.examly.springapp.SpringappApplicationTests.Day9_testPagination_SortingPresent  Time elapsed: 0.005 s  <<< FAILURE!
java.lang.AssertionError: Status expected:<200> but was:<404>
	at com.examly.springapp.SpringappApplicationTests.Day9_testPagination_SortingPresent(SpringappApplicationTests.java:774)

com.examly.springapp.SpringappApplicationTests.Day9_testPagination_ContentArrayExists  Time elapsed: 0.003 s  <<< FAILURE!
java.lang.AssertionError: Status expected:<200> but was:<404>
	at com.examly.springapp.SpringappApplicationTests.Day9_testPagination_ContentArrayExists(SpringappApplicationTests.java:785)

com.examly.springapp.SpringappApplicationTests.Day9_testPagination_TotalElementsExists  Time elapsed: 0.004 s  <<< FAILURE!
java.lang.AssertionError: Status expected:<200> but was:<404>
	at com.examly.springapp.SpringappApplicationTests.Day9_testPagination_TotalElementsExists(SpringappApplicationTests.java:795)

com.examly.springapp.SpringappApplicationTests.Day9_testPagination_TotalPagesExists  Time elapsed: 0.003 s  <<< FAILURE!
java.lang.AssertionError: Status expected:<200> but was:<404>
	at com.examly.springapp.SpringappApplicationTests.Day9_testPagination_TotalPagesExists(SpringappApplicationTests.java:805)

com.examly.springapp.SpringappApplicationTests.Day10_testAddCourse  Time elapsed: 0.013 s  <<< FAILURE!
java.lang.AssertionError: Status expected:<201> but was:<200>
	at com.examly.springapp.SpringappApplicationTests.Day10_testAddCourse(SpringappApplicationTests.java:818)

com.examly.springapp.SpringappApplicationTests.Day10_testGetCourseById  Time elapsed: 0.006 s  <<< FAILURE!
java.lang.AssertionError: No value at JSON path "$.courseName"
	at com.examly.springapp.SpringappApplicationTests.Day10_testGetCourseById(SpringappApplicationTests.java:843)
Caused by: java.lang.IllegalArgumentException: json can not be null or empty
	at com.examly.springapp.SpringappApplicationTests.Day10_testGetCourseById(SpringappApplicationTests.java:843)

com.examly.springapp.SpringappApplicationTests.Day10_testAddStudent  Time elapsed: 0.009 s  <<< FAILURE!
java.lang.AssertionError: Status expected:<201> but was:<200>
	at com.examly.springapp.SpringappApplicationTests.Day10_testAddStudent(SpringappApplicationTests.java:873)

com.examly.springapp.SpringappApplicationTests.Day10_testGetStudentById  Time elapsed: 0.006 s  <<< FAILURE!
java.lang.AssertionError: No value at JSON path "$.studentId"
	at com.examly.springapp.SpringappApplicationTests.Day10_testGetStudentById(SpringappApplicationTests.java:897)
Caused by: java.lang.IllegalArgumentException: json can not be null or empty
	at com.examly.springapp.SpringappApplicationTests.Day10_testGetStudentById(SpringappApplicationTests.java:897)

com.examly.springapp.SpringappApplicationTests.Day11_testGetCoursesByInstructor  Time elapsed: 0.003 s  <<< FAILURE!
java.lang.AssertionError: Status expected:<200> but was:<404>
	at com.examly.springapp.SpringappApplicationTests.Day11_testGetCoursesByInstructor(SpringappApplicationTests.java:923)

com.examly.springapp.SpringappApplicationTests.Day12_testGetCoursesByLevel  Time elapsed: 0.004 s  <<< FAILURE!
java.lang.AssertionError: Status expected:<200> but was:<404>
	at com.examly.springapp.SpringappApplicationTests.Day12_testGetCoursesByLevel(SpringappApplicationTests.java:934)

com.examly.springapp.SpringappApplicationTests.Day12_testGetStudentsByEmail  Time elapsed: 0.005 s  <<< FAILURE!
java.lang.AssertionError: Status expected:<200> but was:<404>
	at com.examly.springapp.SpringappApplicationTests.Day12_testGetStudentsByEmail(SpringappApplicationTests.java:946)

com.examly.springapp.SpringappApplicationTests.Day12_testGetCoursesByLevel_NotFound  Time elapsed: 0.005 s  <<< FAILURE!
java.lang.AssertionError: Status expected:<204> but was:<404>
	at com.examly.springapp.SpringappApplicationTests.Day12_testGetCoursesByLevel_NotFound(SpringappApplicationTests.java:958)

com.examly.springapp.SpringappApplicationTests.Day12_testGetInstructorBySpecialization  Time elapsed: 0.004 s  <<< FAILURE!
java.lang.AssertionError: Status expected:<200> but was:<404>
	at com.examly.springapp.SpringappApplicationTests.Day12_testGetInstructorBySpecialization(SpringappApplicationTests.java:968)

com.examly.springapp.SpringappApplicationTests.Day12_testGetInstructorBySpecialization_NotFound  Time elapsed: 0.005 s  <<< FAILURE!
java.lang.AssertionError: Response content expected:<No instructors found with specialization: Biology> but was:<>
	at com.examly.springapp.SpringappApplicationTests.Day12_testGetInstructorBySpecialization_NotFound(SpringappApplicationTests.java:980)

com.examly.springapp.SpringappApplicationTests.Day13_test_exception_Directory_Exists  Time elapsed: 0.002 s  <<< FAILURE!
org.opentest4j.AssertionFailedError: expected: <true> but was: <false>
	at com.examly.springapp.SpringappApplicationTests.Day13_test_exception_Directory_Exists(SpringappApplicationTests.java:986)

com.examly.springapp.SpringappApplicationTests.Day13_test_GlobalException_File_Exists  Time elapsed: 0.001 s  <<< FAILURE!
org.opentest4j.AssertionFailedError: expected: <true> but was: <false>
	at com.examly.springapp.SpringappApplicationTests.Day13_test_GlobalException_File_Exists(SpringappApplicationTests.java:992)

com.examly.springapp.SpringappApplicationTests.Day14_test_configuration_Directory_Exists  Time elapsed: 0.001 s  <<< FAILURE!
org.opentest4j.AssertionFailedError: expected: <true> but was: <false>
	at com.examly.springapp.SpringappApplicationTests.Day14_test_configuration_Directory_Exists(SpringappApplicationTests.java:998)

com.examly.springapp.SpringappApplicationTests.Day15_testAOPLogFileExists  Time elapsed: 0.001 s  <<< FAILURE!
org.opentest4j.AssertionFailedError: expected: <true> but was: <false>
	at com.examly.springapp.SpringappApplicationTests.Day15_testAOPLogFileExists(SpringappApplicationTests.java:1004)

