<?xml version="1.0" encoding="UTF-8"?>
<testsuite xmlns:xsi="http://www.w3.org/2001/XMLSchema-instance" xsi:noNamespaceSchemaLocation="https://maven.apache.org/surefire/maven-surefire-plugin/xsd/surefire-test-report-3.0.xsd" version="3.0" name="com.examly.springapp.SpringappApplicationTests" time="4.08" tests="79" errors="0" skipped="0" failures="68">
  <properties>
[...]
</properties>
  <testcase name="Day3_test_Controller_Directory_Exists" classname="com.examly.springapp.SpringappApplicationTests" time="0.382">
    <system-out><![CDATA[10:19:38.922 [main] INFO org.springframework.test.context.support.AnnotationConfigContextLoaderUtils -- Could not detect default configuration classes for test class [com.examly.springapp.SpringappApplicationTests]: SpringappApplicationTests does not declare any static, non-private, non-final, nested classes annotated with @Configuration.
10:19:39.030 [main] INFO org.springframework.boot.test.context.SpringBootTestContextBootstrapper -- Found @SpringBootConfiguration com.examly.springapp.SpringappApplication for test class com.examly.springapp.SpringappApplicationTests
10:19:39.158 [main] INFO org.springframework.boot.devtools.restart.RestartApplicationListener -- Restart disabled due to context in which it is running

  .   ____          _            __ _ _
 /\\ / ___'_ __ _ _(_)_ __  __ _ \ \ \ \
( ( )\___ | '_ | '_| | '_ \/ _` | \ \ \ \
 \\/  ___)| |_)| | | | | || (_| |  ) ) ) )
  '  |____| .__|_| |_|_| |_\__, | / / / /
 =========|_|==============|___/=/_/_/_/

 :: Spring Boot ::               (v3.4.12)

2025-12-15T10:19:39.390Z  INFO 17666 --- [           main] c.e.springapp.SpringappApplicationTests  : Starting SpringappApplicationTests using Java 17.0.17 with PID 17666 (started by coder in /home/coder/project/workspace/springapp)
2025-12-15T10:19:39.391Z  INFO 17666 --- [           main] c.e.springapp.SpringappApplicationTests  : No active profile set, falling back to 1 default profile: "default"
2025-12-15T10:19:39.940Z  INFO 17666 --- [           main] .s.d.r.c.RepositoryConfigurationDelegate : Bootstrapping Spring Data JPA repositories in DEFAULT mode.
2025-12-15T10:19:39.957Z  INFO 17666 --- [           main] .s.d.r.c.RepositoryConfigurationDelegate : Finished Spring Data repository scanning in 9 ms. Found 0 JPA repository interfaces.
2025-12-15T10:19:40.222Z  INFO 17666 --- [           main] o.hibernate.jpa.internal.util.LogHelper  : HHH000204: Processing PersistenceUnitInfo [name: default]
2025-12-15T10:19:40.252Z  INFO 17666 --- [           main] org.hibernate.Version                    : HHH000412: Hibernate ORM core version 6.6.36.Final
2025-12-15T10:19:40.274Z  INFO 17666 --- [           main] o.h.c.internal.RegionFactoryInitiator    : HHH000026: Second-level cache disabled
2025-12-15T10:19:40.511Z  INFO 17666 --- [           main] o.s.o.j.p.SpringPersistenceUnitInfo      : No LoadTimeWeaver setup: ignoring JPA class transformer
2025-12-15T10:19:40.536Z  INFO 17666 --- [           main] com.zaxxer.hikari.HikariDataSource       : HikariPool-1 - Starting...
2025-12-15T10:19:40.673Z  INFO 17666 --- [           main] com.zaxxer.hikari.pool.HikariPool        : HikariPool-1 - Added connection com.mysql.cj.jdbc.ConnectionImpl@b5312df
2025-12-15T10:19:40.674Z  INFO 17666 --- [           main] com.zaxxer.hikari.HikariDataSource       : HikariPool-1 - Start completed.
2025-12-15T10:19:40.692Z  WARN 17666 --- [           main] org.hibernate.orm.deprecation            : HHH90000025: MySQL8Dialect does not need to be specified explicitly using 'hibernate.dialect' (remove the property setting and it will be selected by default)
2025-12-15T10:19:40.693Z  WARN 17666 --- [           main] org.hibernate.orm.deprecation            : HHH90000026: MySQL8Dialect has been deprecated; use org.hibernate.dialect.MySQLDialect instead
2025-12-15T10:19:40.708Z  INFO 17666 --- [           main] org.hibernate.orm.connections.pooling    : HHH10001005: Database info:
	Database JDBC URL [Connecting through datasource 'HikariDataSource (HikariPool-1)']
	Database driver: undefined/unknown
	Database version: 8.0
	Autocommit mode: undefined/unknown
	Isolation level: undefined/unknown
	Minimum pool size: undefined/unknown
	Maximum pool size: undefined/unknown
2025-12-15T10:19:41.353Z  INFO 17666 --- [           main] o.h.e.t.j.p.i.JtaPlatformInitiator       : HHH000489: No JTA platform available (set 'hibernate.transaction.jta.platform' to enable JTA platform integration)
Hibernate: alter table enrollment drop foreign key FKf77yp9lcpuxgy4qud1nw5mkp7
Hibernate: alter table enrollment drop foreign key FK3cj0q1606uprpn1xhh6ct7pyy
Hibernate: drop table if exists course
Hibernate: drop table if exists enrollment
Hibernate: drop table if exists instructor
Hibernate: drop table if exists student
Hibernate: create table course (duration integer not null, price float(53) not null, course_id bigint not null, course_name varchar(255), description varchar(255), primary key (course_id)) engine=InnoDB
Hibernate: create table enrollment (course_id_course_id bigint, enrollment_id bigint not null, student_id_student_id bigint, primary key (enrollment_id)) engine=InnoDB
Hibernate: create table instructor (instructor_id bigint not null, instructor_name varchar(255), phone_number varchar(255), specialization varchar(255), primary key (instructor_id)) engine=InnoDB
Hibernate: create table student (student_id bigint not null, address varchar(255), email varchar(255), phone_number varchar(255), student_name varchar(255), primary key (student_id)) engine=InnoDB
Hibernate: alter table enrollment add constraint FKf77yp9lcpuxgy4qud1nw5mkp7 foreign key (course_id_course_id) references course (course_id)
Hibernate: alter table enrollment add constraint FK3cj0q1606uprpn1xhh6ct7pyy foreign key (student_id_student_id) references student (student_id)
2025-12-15T10:19:41.531Z  INFO 17666 --- [           main] j.LocalContainerEntityManagerFactoryBean : Initialized JPA EntityManagerFactory for persistence unit 'default'
2025-12-15T10:19:41.643Z  WARN 17666 --- [           main] JpaBaseConfiguration$JpaWebConfiguration : spring.jpa.open-in-view is enabled by default. Therefore, database queries may be performed during view rendering. Explicitly configure spring.jpa.open-in-view to disable this warning
2025-12-15T10:19:41.978Z  INFO 17666 --- [           main] o.s.b.t.m.w.SpringBootMockServletContext : Initializing Spring TestDispatcherServlet ''
2025-12-15T10:19:41.978Z  INFO 17666 --- [           main] o.s.t.web.servlet.TestDispatcherServlet  : Initializing Servlet ''
2025-12-15T10:19:41.980Z  INFO 17666 --- [           main] o.s.t.web.servlet.TestDispatcherServlet  : Completed initialization in 1 ms
2025-12-15T10:19:42.002Z  INFO 17666 --- [           main] c.e.springapp.SpringappApplicationTests  : Started SpringappApplicationTests in 2.854 seconds (process running for 3.726)
]]></system-out>
  </testcase>
  <testcase name="Day3_test_Model_Directory_Exists" classname="com.examly.springapp.SpringappApplicationTests" time="0.004"/>
  <testcase name="Day3_test_Service_Directory_Exists" classname="com.examly.springapp.SpringappApplicationTests" time="0.003"/>
  <testcase name="Day3_test_Repository_Directory_Exists" classname="com.examly.springapp.SpringappApplicationTests" time="0.002"/>
  <testcase name="Day4_test_InstructorModel_File_Exists" classname="com.examly.springapp.SpringappApplicationTests" time="0.003"/>
  <testcase name="Day4_test_CourseModel_File_Exists" classname="com.examly.springapp.SpringappApplicationTests" time="0.002"/>
  <testcase name="Day4_test_Module_File_Exists" classname="com.examly.springapp.SpringappApplicationTests" time="0.003"/>
  <testcase name="Day4_test_Student_File_Exists" classname="com.examly.springapp.SpringappApplicationTests" time="0.003"/>
  <testcase name="Day4_test_Enrollment_File_Exists" classname="com.examly.springapp.SpringappApplicationTests" time="0.003"/>
  <testcase name="Day4_test_Course_Has_Entity_Annotation" classname="com.examly.springapp.SpringappApplicationTests" time="0.004"/>
  <testcase name="test_Course_Has_Id_Annotation_On_Field" classname="com.examly.springapp.SpringappApplicationTests" time="0.003"/>
  <testcase name="Day5_testInstructorRepo_File_Exists" classname="com.examly.springapp.SpringappApplicationTests" time="0.007">
    <failure type="org.opentest4j.AssertionFailedError"><![CDATA[org.opentest4j.AssertionFailedError: expected: <true> but was: <false>
	at com.examly.springapp.SpringappApplicationTests.Day5_testInstructorRepo_File_Exists(SpringappApplicationTests.java:136)
]]></failure>
  </testcase>
  <testcase name="Day5_testCourseRepo_File_Exists" classname="com.examly.springapp.SpringappApplicationTests" time="0.003">
    <failure type="org.opentest4j.AssertionFailedError"><![CDATA[org.opentest4j.AssertionFailedError: expected: <true> but was: <false>
	at com.examly.springapp.SpringappApplicationTests.Day5_testCourseRepo_File_Exists(SpringappApplicationTests.java:142)
]]></failure>
  </testcase>
  <testcase name="Day5_testModuleRepo_File_Exists" classname="com.examly.springapp.SpringappApplicationTests" time="0.003">
    <failure type="org.opentest4j.AssertionFailedError"><![CDATA[org.opentest4j.AssertionFailedError: expected: <true> but was: <false>
	at com.examly.springapp.SpringappApplicationTests.Day5_testModuleRepo_File_Exists(SpringappApplicationTests.java:148)
]]></failure>
  </testcase>
  <testcase name="Day5_testStudentRepo_File_Exists" classname="com.examly.springapp.SpringappApplicationTests" time="0.003">
    <failure type="org.opentest4j.AssertionFailedError"><![CDATA[org.opentest4j.AssertionFailedError: expected: <true> but was: <false>
	at com.examly.springapp.SpringappApplicationTests.Day5_testStudentRepo_File_Exists(SpringappApplicationTests.java:154)
]]></failure>
  </testcase>
  <testcase name="Day5_testEnrollmentRepo_File_Exists" classname="com.examly.springapp.SpringappApplicationTests" time="0.003">
    <failure type="org.opentest4j.AssertionFailedError"><![CDATA[org.opentest4j.AssertionFailedError: expected: <true> but was: <false>
	at com.examly.springapp.SpringappApplicationTests.Day5_testEnrollmentRepo_File_Exists(SpringappApplicationTests.java:160)
]]></failure>
  </testcase>
  <testcase name="Day5_test_CourseRepo_Has_Repository_Annotation" classname="com.examly.springapp.SpringappApplicationTests" time="0.004">
    <failure type="org.opentest4j.AssertionFailedError"><![CDATA[org.opentest4j.AssertionFailedError: ❌ CourseRepo class not found.
	at com.examly.springapp.SpringappApplicationTests.Day5_test_CourseRepo_Has_Repository_Annotation(SpringappApplicationTests.java:175)
]]></failure>
  </testcase>
  <testcase name="Day5_test_InstructorRepo_Has_Repository_Annotation" classname="com.examly.springapp.SpringappApplicationTests" time="0.003">
    <failure type="org.opentest4j.AssertionFailedError"><![CDATA[org.opentest4j.AssertionFailedError: ❌ InstructorRepo class not found.
	at com.examly.springapp.SpringappApplicationTests.Day5_test_InstructorRepo_Has_Repository_Annotation(SpringappApplicationTests.java:193)
]]></failure>
  </testcase>
  <testcase name="Day5_test_ModuleRepo_Has_Repository_Annotation" classname="com.examly.springapp.SpringappApplicationTests" time="0.003">
    <failure type="org.opentest4j.AssertionFailedError"><![CDATA[org.opentest4j.AssertionFailedError: ❌ ModuleRepo class not found.
	at com.examly.springapp.SpringappApplicationTests.Day5_test_ModuleRepo_Has_Repository_Annotation(SpringappApplicationTests.java:211)
]]></failure>
  </testcase>
  <testcase name="Day5_test_StudentRepo_Has_Repository_Annotation" classname="com.examly.springapp.SpringappApplicationTests" time="0.002">
    <failure type="org.opentest4j.AssertionFailedError"><![CDATA[org.opentest4j.AssertionFailedError: ❌ StudentRepo class not found.
	at com.examly.springapp.SpringappApplicationTests.Day5_test_StudentRepo_Has_Repository_Annotation(SpringappApplicationTests.java:229)
]]></failure>
  </testcase>
  <testcase name="Day5_test_EnrollmentRepo_Has_Repository_Annotation" classname="com.examly.springapp.SpringappApplicationTests" time="0.003">
    <failure type="org.opentest4j.AssertionFailedError"><![CDATA[org.opentest4j.AssertionFailedError: ❌ EnrollmentRepo class not found.
	at com.examly.springapp.SpringappApplicationTests.Day5_test_EnrollmentRepo_Has_Repository_Annotation(SpringappApplicationTests.java:247)
]]></failure>
  </testcase>
  <testcase name="Day6_test_InstructorController_File_Exists" classname="com.examly.springapp.SpringappApplicationTests" time="0.003">
    <failure type="org.opentest4j.AssertionFailedError"><![CDATA[org.opentest4j.AssertionFailedError: expected: <true> but was: <false>
	at com.examly.springapp.SpringappApplicationTests.Day6_test_InstructorController_File_Exists(SpringappApplicationTests.java:256)
]]></failure>
  </testcase>
  <testcase name="Day6_test_CourseController_File_Exists" classname="com.examly.springapp.SpringappApplicationTests" time="0.003">
    <failure type="org.opentest4j.AssertionFailedError"><![CDATA[org.opentest4j.AssertionFailedError: expected: <true> but was: <false>
	at com.examly.springapp.SpringappApplicationTests.Day6_test_CourseController_File_Exists(SpringappApplicationTests.java:262)
]]></failure>
  </testcase>
  <testcase name="Day6_test_ModuleController_File_Exists" classname="com.examly.springapp.SpringappApplicationTests" time="0.002">
    <failure type="org.opentest4j.AssertionFailedError"><![CDATA[org.opentest4j.AssertionFailedError: expected: <true> but was: <false>
	at com.examly.springapp.SpringappApplicationTests.Day6_test_ModuleController_File_Exists(SpringappApplicationTests.java:268)
]]></failure>
  </testcase>
  <testcase name="Day6_test_StudentController_File_Exists" classname="com.examly.springapp.SpringappApplicationTests" time="0.002">
    <failure type="org.opentest4j.AssertionFailedError"><![CDATA[org.opentest4j.AssertionFailedError: expected: <true> but was: <false>
	at com.examly.springapp.SpringappApplicationTests.Day6_test_StudentController_File_Exists(SpringappApplicationTests.java:274)
]]></failure>
  </testcase>
  <testcase name="Day6_test_EnrollmentController_File_Exists" classname="com.examly.springapp.SpringappApplicationTests" time="0.003">
    <failure type="org.opentest4j.AssertionFailedError"><![CDATA[org.opentest4j.AssertionFailedError: expected: <true> but was: <false>
	at com.examly.springapp.SpringappApplicationTests.Day6_test_EnrollmentController_File_Exists(SpringappApplicationTests.java:280)
]]></failure>
  </testcase>
  <testcase name="Day6_test_InstructorController_Has_RestController_Annotation" classname="com.examly.springapp.SpringappApplicationTests" time="0.003">
    <failure type="org.opentest4j.AssertionFailedError"><![CDATA[org.opentest4j.AssertionFailedError: ❌ InstructorController class not found.
	at com.examly.springapp.SpringappApplicationTests.Day6_test_InstructorController_Has_RestController_Annotation(SpringappApplicationTests.java:295)
]]></failure>
  </testcase>
  <testcase name="Day6_test_CourseController_Has_RestController_Annotation" classname="com.examly.springapp.SpringappApplicationTests" time="0.002">
    <failure type="org.opentest4j.AssertionFailedError"><![CDATA[org.opentest4j.AssertionFailedError: ❌ CourseController class not found.
	at com.examly.springapp.SpringappApplicationTests.Day6_test_CourseController_Has_RestController_Annotation(SpringappApplicationTests.java:313)
]]></failure>
  </testcase>
  <testcase name="Day6_test_InstructorController_Has_PostMapping" classname="com.examly.springapp.SpringappApplicationTests" time="0.003">
    <failure type="org.opentest4j.AssertionFailedError"><![CDATA[org.opentest4j.AssertionFailedError: ❌ InstructorController class not found.
	at com.examly.springapp.SpringappApplicationTests.Day6_test_InstructorController_Has_PostMapping(SpringappApplicationTests.java:338)
]]></failure>
  </testcase>
  <testcase name="Day6_test_InstructorController_Has_GetMapping" classname="com.examly.springapp.SpringappApplicationTests" time="0.002">
    <failure type="org.opentest4j.AssertionFailedError"><![CDATA[org.opentest4j.AssertionFailedError: ❌ InstructorController class not found.
	at com.examly.springapp.SpringappApplicationTests.Day6_test_InstructorController_Has_GetMapping(SpringappApplicationTests.java:362)
]]></failure>
  </testcase>
  <testcase name="Day6_test_InstructorController_Has_PutMapping" classname="com.examly.springapp.SpringappApplicationTests" time="0.002">
    <failure type="org.opentest4j.AssertionFailedError"><![CDATA[org.opentest4j.AssertionFailedError: ❌ InstructorController class not found.
	at com.examly.springapp.SpringappApplicationTests.Day6_test_InstructorController_Has_PutMapping(SpringappApplicationTests.java:386)
]]></failure>
  </testcase>
  <testcase name="Day6_test_InstructorController_Has_DeleteMapping" classname="com.examly.springapp.SpringappApplicationTests" time="0.002">
    <failure type="org.opentest4j.AssertionFailedError"><![CDATA[org.opentest4j.AssertionFailedError: ❌ InstructorController class not found.
	at com.examly.springapp.SpringappApplicationTests.Day6_test_InstructorController_Has_DeleteMapping(SpringappApplicationTests.java:410)
]]></failure>
  </testcase>
  <testcase name="Day6_testCreateInstructor_NoBody_StatusBadRequest" classname="com.examly.springapp.SpringappApplicationTests" time="0.077">
    <failure type="java.lang.AssertionError"><![CDATA[java.lang.AssertionError: Status expected:<400> but was:<404>
	at com.examly.springapp.SpringappApplicationTests.Day6_testCreateInstructor_NoBody_StatusBadRequest(SpringappApplicationTests.java:422)
]]></failure>
    <system-out><![CDATA[
MockHttpServletRequest:
      HTTP Method = POST
      Request URI = /api/instructors
       Parameters = {}
          Headers = [Content-Type:"application/json;charset=UTF-8"]
             Body = null
    Session Attrs = {}

Handler:
             Type = org.springframework.web.servlet.resource.ResourceHttpRequestHandler

Async:
    Async started = false
     Async result = null

Resolved Exception:
             Type = org.springframework.web.servlet.resource.NoResourceFoundException

ModelAndView:
        View name = null
             View = null
            Model = null

FlashMap:
       Attributes = null

MockHttpServletResponse:
           Status = 404
    Error message = No static resource api/instructors.
          Headers = [Vary:"Origin", "Access-Control-Request-Method", "Access-Control-Request-Headers"]
     Content type = null
             Body = 
    Forwarded URL = null
   Redirected URL = null
          Cookies = []
]]></system-out>
  </testcase>
  <testcase name="Day6_testGetAllInstructors_StatusNoContent" classname="com.examly.springapp.SpringappApplicationTests" time="0.006">
    <failure type="java.lang.AssertionError"><![CDATA[java.lang.AssertionError: Status expected:<204> but was:<404>
	at com.examly.springapp.SpringappApplicationTests.Day6_testGetAllInstructors_StatusNoContent(SpringappApplicationTests.java:430)
]]></failure>
    <system-out><![CDATA[
MockHttpServletRequest:
      HTTP Method = GET
      Request URI = /api/instructors
       Parameters = {}
          Headers = []
             Body = null
    Session Attrs = {}

Handler:
             Type = org.springframework.web.servlet.resource.ResourceHttpRequestHandler

Async:
    Async started = false
     Async result = null

Resolved Exception:
             Type = org.springframework.web.servlet.resource.NoResourceFoundException

ModelAndView:
        View name = null
             View = null
            Model = null

FlashMap:
       Attributes = null

MockHttpServletResponse:
           Status = 404
    Error message = No static resource api/instructors.
          Headers = [Vary:"Origin", "Access-Control-Request-Method", "Access-Control-Request-Headers"]
     Content type = null
             Body = 
    Forwarded URL = null
   Redirected URL = null
          Cookies = []
]]></system-out>
  </testcase>
  <testcase name="Day7_test_InstructorController_Has_RequestMapping" classname="com.examly.springapp.SpringappApplicationTests" time="0.003">
    <failure type="org.opentest4j.AssertionFailedError"><![CDATA[org.opentest4j.AssertionFailedError: ❌ InstructorController class not found.
	at com.examly.springapp.SpringappApplicationTests.Day7_test_InstructorController_Has_RequestMapping(SpringappApplicationTests.java:456)
]]></failure>
  </testcase>
  <testcase name="Day7_test_InstructorController_Has_PathVariable" classname="com.examly.springapp.SpringappApplicationTests" time="0.003">
    <failure type="org.opentest4j.AssertionFailedError"><![CDATA[org.opentest4j.AssertionFailedError: ❌ InstructorController class not found.
	at com.examly.springapp.SpringappApplicationTests.Day7_test_InstructorController_Has_PathVariable(SpringappApplicationTests.java:485)
]]></failure>
  </testcase>
  <testcase name="Day7_test_CourseController_Has_RequestMapping" classname="com.examly.springapp.SpringappApplicationTests" time="0.002">
    <failure type="org.opentest4j.AssertionFailedError"><![CDATA[org.opentest4j.AssertionFailedError: ❌ CourseController class not found.
	at com.examly.springapp.SpringappApplicationTests.Day7_test_CourseController_Has_RequestMapping(SpringappApplicationTests.java:514)
]]></failure>
  </testcase>
  <testcase name="Day7_test_StudentController_Has_RequestMapping" classname="com.examly.springapp.SpringappApplicationTests" time="0.002">
    <failure type="org.opentest4j.AssertionFailedError"><![CDATA[org.opentest4j.AssertionFailedError: ❌ StudentController class not found.
	at com.examly.springapp.SpringappApplicationTests.Day7_test_StudentController_Has_RequestMapping(SpringappApplicationTests.java:543)
]]></failure>
  </testcase>
  <testcase name="Day7_test_CourseController_Has_PathVariable" classname="com.examly.springapp.SpringappApplicationTests" time="0.002">
    <failure type="org.opentest4j.AssertionFailedError"><![CDATA[org.opentest4j.AssertionFailedError: ❌ CourseController class not found.
	at com.examly.springapp.SpringappApplicationTests.Day7_test_CourseController_Has_PathVariable(SpringappApplicationTests.java:572)
]]></failure>
  </testcase>
  <testcase name="Day7_test_StudentController_Has_PathVariable" classname="com.examly.springapp.SpringappApplicationTests" time="0.003">
    <failure type="org.opentest4j.AssertionFailedError"><![CDATA[org.opentest4j.AssertionFailedError: ❌ StudentController class not found.
	at com.examly.springapp.SpringappApplicationTests.Day7_test_StudentController_Has_PathVariable(SpringappApplicationTests.java:601)
]]></failure>
  </testcase>
  <testcase name="Day7_test_EnrollmentController_Has_RequestMapping" classname="com.examly.springapp.SpringappApplicationTests" time="0.002">
    <failure type="org.opentest4j.AssertionFailedError"><![CDATA[org.opentest4j.AssertionFailedError: ❌ EnrollmentController class not found.
	at com.examly.springapp.SpringappApplicationTests.Day7_test_EnrollmentController_Has_RequestMapping(SpringappApplicationTests.java:630)
]]></failure>
  </testcase>
  <testcase name="Day8_test_InstructorService_File_Exists" classname="com.examly.springapp.SpringappApplicationTests" time="0.002">
    <failure type="org.opentest4j.AssertionFailedError"><![CDATA[org.opentest4j.AssertionFailedError: expected: <true> but was: <false>
	at com.examly.springapp.SpringappApplicationTests.Day8_test_InstructorService_File_Exists(SpringappApplicationTests.java:639)
]]></failure>
  </testcase>
  <testcase name="Day8_test_CourseService_File_Exists" classname="com.examly.springapp.SpringappApplicationTests" time="0.002">
    <failure type="org.opentest4j.AssertionFailedError"><![CDATA[org.opentest4j.AssertionFailedError: expected: <true> but was: <false>
	at com.examly.springapp.SpringappApplicationTests.Day8_test_CourseService_File_Exists(SpringappApplicationTests.java:645)
]]></failure>
  </testcase>
  <testcase name="Day8_test_ModuleService_File_Exists" classname="com.examly.springapp.SpringappApplicationTests" time="0.002">
    <failure type="org.opentest4j.AssertionFailedError"><![CDATA[org.opentest4j.AssertionFailedError: expected: <true> but was: <false>
	at com.examly.springapp.SpringappApplicationTests.Day8_test_ModuleService_File_Exists(SpringappApplicationTests.java:651)
]]></failure>
  </testcase>
  <testcase name="Day8_test_StudentService_File_Exists" classname="com.examly.springapp.SpringappApplicationTests" time="0.002">
    <failure type="org.opentest4j.AssertionFailedError"><![CDATA[org.opentest4j.AssertionFailedError: expected: <true> but was: <false>
	at com.examly.springapp.SpringappApplicationTests.Day8_test_StudentService_File_Exists(SpringappApplicationTests.java:657)
]]></failure>
  </testcase>
  <testcase name="Day8_test_EnrollmentService_File_Exists" classname="com.examly.springapp.SpringappApplicationTests" time="0.002">
    <failure type="org.opentest4j.AssertionFailedError"><![CDATA[org.opentest4j.AssertionFailedError: expected: <true> but was: <false>
	at com.examly.springapp.SpringappApplicationTests.Day8_test_EnrollmentService_File_Exists(SpringappApplicationTests.java:663)
]]></failure>
  </testcase>
  <testcase name="Day8_test_InstructorServiceImpl_File_Exists" classname="com.examly.springapp.SpringappApplicationTests" time="0.002">
    <failure type="org.opentest4j.AssertionFailedError"><![CDATA[org.opentest4j.AssertionFailedError: expected: <true> but was: <false>
	at com.examly.springapp.SpringappApplicationTests.Day8_test_InstructorServiceImpl_File_Exists(SpringappApplicationTests.java:669)
]]></failure>
  </testcase>
  <testcase name="Day8_test_CourseServiceImpl_File_Exists" classname="com.examly.springapp.SpringappApplicationTests" time="0.002">
    <failure type="org.opentest4j.AssertionFailedError"><![CDATA[org.opentest4j.AssertionFailedError: expected: <true> but was: <false>
	at com.examly.springapp.SpringappApplicationTests.Day8_test_CourseServiceImpl_File_Exists(SpringappApplicationTests.java:675)
]]></failure>
  </testcase>
  <testcase name="Day8_test_ModuleServiceImpl_File_Exists" classname="com.examly.springapp.SpringappApplicationTests" time="0.002">
    <failure type="org.opentest4j.AssertionFailedError"><![CDATA[org.opentest4j.AssertionFailedError: expected: <true> but was: <false>
	at com.examly.springapp.SpringappApplicationTests.Day8_test_ModuleServiceImpl_File_Exists(SpringappApplicationTests.java:681)
]]></failure>
  </testcase>
  <testcase name="Day8_test_StudentServiceImpl_File_Exists" classname="com.examly.springapp.SpringappApplicationTests" time="0.002">
    <failure type="org.opentest4j.AssertionFailedError"><![CDATA[org.opentest4j.AssertionFailedError: expected: <true> but was: <false>
	at com.examly.springapp.SpringappApplicationTests.Day8_test_StudentServiceImpl_File_Exists(SpringappApplicationTests.java:687)
]]></failure>
  </testcase>
  <testcase name="Day8_test_EnrollmentServiceImpl_File_Exists" classname="com.examly.springapp.SpringappApplicationTests" time="0.003">
    <failure type="org.opentest4j.AssertionFailedError"><![CDATA[org.opentest4j.AssertionFailedError: expected: <true> but was: <false>
	at com.examly.springapp.SpringappApplicationTests.Day8_test_EnrollmentServiceImpl_File_Exists(SpringappApplicationTests.java:693)
]]></failure>
  </testcase>
  <testcase name="Day8_testAddInstructor" classname="com.examly.springapp.SpringappApplicationTests" time="0.006">
    <failure type="java.lang.AssertionError"><![CDATA[java.lang.AssertionError: Status expected:<201> but was:<404>
	at com.examly.springapp.SpringappApplicationTests.Day8_testAddInstructor(SpringappApplicationTests.java:706)
]]></failure>
    <system-out><![CDATA[
MockHttpServletRequest:
      HTTP Method = POST
      Request URI = /api/instructors
       Parameters = {}
          Headers = [Content-Type:"application/json;charset=UTF-8", Accept:"application/json", Content-Length:"139"]
             Body = { "instructorName": "Dr. John Smith", "email": "john@example.com", "specialization": "Computer Science", "phoneNumber": "+1-234-567-8900" }
    Session Attrs = {}

Handler:
             Type = org.springframework.web.servlet.resource.ResourceHttpRequestHandler

Async:
    Async started = false
     Async result = null

Resolved Exception:
             Type = org.springframework.web.servlet.resource.NoResourceFoundException

ModelAndView:
        View name = null
             View = null
            Model = null

FlashMap:
       Attributes = null

MockHttpServletResponse:
           Status = 404
    Error message = No static resource api/instructors.
          Headers = [Vary:"Origin", "Access-Control-Request-Method", "Access-Control-Request-Headers"]
     Content type = null
             Body = 
    Forwarded URL = null
   Redirected URL = null
          Cookies = []
]]></system-out>
  </testcase>
  <testcase name="Day8_testGetAllInstructors" classname="com.examly.springapp.SpringappApplicationTests" time="0.006">
    <failure type="java.lang.AssertionError"><![CDATA[java.lang.AssertionError: Status expected:<200> but was:<404>
	at com.examly.springapp.SpringappApplicationTests.Day8_testGetAllInstructors(SpringappApplicationTests.java:717)
]]></failure>
    <system-out><![CDATA[
MockHttpServletRequest:
      HTTP Method = GET
      Request URI = /api/instructors
       Parameters = {}
          Headers = [Accept:"application/json"]
             Body = null
    Session Attrs = {}

Handler:
             Type = org.springframework.web.servlet.resource.ResourceHttpRequestHandler

Async:
    Async started = false
     Async result = null

Resolved Exception:
             Type = org.springframework.web.servlet.resource.NoResourceFoundException

ModelAndView:
        View name = null
             View = null
            Model = null

FlashMap:
       Attributes = null

MockHttpServletResponse:
           Status = 404
    Error message = No static resource api/instructors.
          Headers = [Vary:"Origin", "Access-Control-Request-Method", "Access-Control-Request-Headers"]
     Content type = null
             Body = 
    Forwarded URL = null
   Redirected URL = null
          Cookies = []
]]></system-out>
  </testcase>
  <testcase name="Day8_testGetInstructorById" classname="com.examly.springapp.SpringappApplicationTests" time="0.005">
    <failure type="java.lang.AssertionError"><![CDATA[java.lang.AssertionError: Status expected:<200> but was:<404>
	at com.examly.springapp.SpringappApplicationTests.Day8_testGetInstructorById(SpringappApplicationTests.java:728)
]]></failure>
    <system-out><![CDATA[
MockHttpServletRequest:
      HTTP Method = GET
      Request URI = /api/instructors/1
       Parameters = {}
          Headers = [Accept:"application/json"]
             Body = null
    Session Attrs = {}

Handler:
             Type = org.springframework.web.servlet.resource.ResourceHttpRequestHandler

Async:
    Async started = false
     Async result = null

Resolved Exception:
             Type = org.springframework.web.servlet.resource.NoResourceFoundException

ModelAndView:
        View name = null
             View = null
            Model = null

FlashMap:
       Attributes = null

MockHttpServletResponse:
           Status = 404
    Error message = No static resource api/instructors/1.
          Headers = [Vary:"Origin", "Access-Control-Request-Method", "Access-Control-Request-Headers"]
     Content type = null
             Body = 
    Forwarded URL = null
   Redirected URL = null
          Cookies = []
]]></system-out>
  </testcase>
  <testcase name="Day8_testUpdateInstructor" classname="com.examly.springapp.SpringappApplicationTests" time="0.004">
    <failure type="java.lang.AssertionError"><![CDATA[java.lang.AssertionError: Status expected:<200> but was:<404>
	at com.examly.springapp.SpringappApplicationTests.Day8_testUpdateInstructor(SpringappApplicationTests.java:743)
]]></failure>
    <system-out><![CDATA[
MockHttpServletRequest:
      HTTP Method = PUT
      Request URI = /api/instructors/1
       Parameters = {}
          Headers = [Content-Type:"application/json;charset=UTF-8", Accept:"application/json", Content-Length:"152"]
             Body = {"instructorName": "Dr. John Updated", "email": "john.updated@example.com", "specialization": "AI & Machine Learning", "phoneNumber": "+1-234-567-8900"}
    Session Attrs = {}

Handler:
             Type = org.springframework.web.servlet.resource.ResourceHttpRequestHandler

Async:
    Async started = false
     Async result = null

Resolved Exception:
             Type = org.springframework.web.servlet.resource.NoResourceFoundException

ModelAndView:
        View name = null
             View = null
            Model = null

FlashMap:
       Attributes = null

MockHttpServletResponse:
           Status = 404
    Error message = No static resource api/instructors/1.
          Headers = [Vary:"Origin", "Access-Control-Request-Method", "Access-Control-Request-Headers"]
     Content type = null
             Body = 
    Forwarded URL = null
   Redirected URL = null
          Cookies = []
]]></system-out>
  </testcase>
  <testcase name="Day9_testPagination_PageNumberApplied" classname="com.examly.springapp.SpringappApplicationTests" time="0.004">
    <failure type="java.lang.AssertionError"><![CDATA[java.lang.AssertionError: Status expected:<200> but was:<404>
	at com.examly.springapp.SpringappApplicationTests.Day9_testPagination_PageNumberApplied(SpringappApplicationTests.java:754)
]]></failure>
    <system-out><![CDATA[
MockHttpServletRequest:
      HTTP Method = GET
      Request URI = /api/instructors/page/0/5
       Parameters = {}
          Headers = [Accept:"application/json"]
             Body = null
    Session Attrs = {}

Handler:
             Type = org.springframework.web.servlet.resource.ResourceHttpRequestHandler

Async:
    Async started = false
     Async result = null

Resolved Exception:
             Type = org.springframework.web.servlet.resource.NoResourceFoundException

ModelAndView:
        View name = null
             View = null
            Model = null

FlashMap:
       Attributes = null

MockHttpServletResponse:
           Status = 404
    Error message = No static resource api/instructors/page/0/5.
          Headers = [Vary:"Origin", "Access-Control-Request-Method", "Access-Control-Request-Headers"]
     Content type = null
             Body = 
    Forwarded URL = null
   Redirected URL = null
          Cookies = []
]]></system-out>
  </testcase>
  <testcase name="Day9_testPagination_PageSizeApplied" classname="com.examly.springapp.SpringappApplicationTests" time="0.004">
    <failure type="java.lang.AssertionError"><![CDATA[java.lang.AssertionError: Status expected:<200> but was:<404>
	at com.examly.springapp.SpringappApplicationTests.Day9_testPagination_PageSizeApplied(SpringappApplicationTests.java:764)
]]></failure>
    <system-out><![CDATA[
MockHttpServletRequest:
      HTTP Method = GET
      Request URI = /api/instructors/page/1/10
       Parameters = {}
          Headers = [Accept:"application/json"]
             Body = null
    Session Attrs = {}

Handler:
             Type = org.springframework.web.servlet.resource.ResourceHttpRequestHandler

Async:
    Async started = false
     Async result = null

Resolved Exception:
             Type = org.springframework.web.servlet.resource.NoResourceFoundException

ModelAndView:
        View name = null
             View = null
            Model = null

FlashMap:
       Attributes = null

MockHttpServletResponse:
           Status = 404
    Error message = No static resource api/instructors/page/1/10.
          Headers = [Vary:"Origin", "Access-Control-Request-Method", "Access-Control-Request-Headers"]
     Content type = null
             Body = 
    Forwarded URL = null
   Redirected URL = null
          Cookies = []
]]></system-out>
  </testcase>
  <testcase name="Day9_testPagination_SortingPresent" classname="com.examly.springapp.SpringappApplicationTests" time="0.003">
    <failure type="java.lang.AssertionError"><![CDATA[java.lang.AssertionError: Status expected:<200> but was:<404>
	at com.examly.springapp.SpringappApplicationTests.Day9_testPagination_SortingPresent(SpringappApplicationTests.java:774)
]]></failure>
    <system-out><![CDATA[
MockHttpServletRequest:
      HTTP Method = GET
      Request URI = /api/instructors/page/0/5
       Parameters = {}
          Headers = [Accept:"application/json"]
             Body = null
    Session Attrs = {}

Handler:
             Type = org.springframework.web.servlet.resource.ResourceHttpRequestHandler

Async:
    Async started = false
     Async result = null

Resolved Exception:
             Type = org.springframework.web.servlet.resource.NoResourceFoundException

ModelAndView:
        View name = null
             View = null
            Model = null

FlashMap:
       Attributes = null

MockHttpServletResponse:
           Status = 404
    Error message = No static resource api/instructors/page/0/5.
          Headers = [Vary:"Origin", "Access-Control-Request-Method", "Access-Control-Request-Headers"]
     Content type = null
             Body = 
    Forwarded URL = null
   Redirected URL = null
          Cookies = []
]]></system-out>
  </testcase>
  <testcase name="Day9_testPagination_ContentArrayExists" classname="com.examly.springapp.SpringappApplicationTests" time="0.003">
    <failure type="java.lang.AssertionError"><![CDATA[java.lang.AssertionError: Status expected:<200> but was:<404>
	at com.examly.springapp.SpringappApplicationTests.Day9_testPagination_ContentArrayExists(SpringappApplicationTests.java:785)
]]></failure>
    <system-out><![CDATA[
MockHttpServletRequest:
      HTTP Method = GET
      Request URI = /api/instructors/page/0/5
       Parameters = {}
          Headers = [Accept:"application/json"]
             Body = null
    Session Attrs = {}

Handler:
             Type = org.springframework.web.servlet.resource.ResourceHttpRequestHandler

Async:
    Async started = false
     Async result = null

Resolved Exception:
             Type = org.springframework.web.servlet.resource.NoResourceFoundException

ModelAndView:
        View name = null
             View = null
            Model = null

FlashMap:
       Attributes = null

MockHttpServletResponse:
           Status = 404
    Error message = No static resource api/instructors/page/0/5.
          Headers = [Vary:"Origin", "Access-Control-Request-Method", "Access-Control-Request-Headers"]
     Content type = null
             Body = 
    Forwarded URL = null
   Redirected URL = null
          Cookies = []
]]></system-out>
  </testcase>
  <testcase name="Day9_testPagination_TotalElementsExists" classname="com.examly.springapp.SpringappApplicationTests" time="0.003">
    <failure type="java.lang.AssertionError"><![CDATA[java.lang.AssertionError: Status expected:<200> but was:<404>
	at com.examly.springapp.SpringappApplicationTests.Day9_testPagination_TotalElementsExists(SpringappApplicationTests.java:795)
]]></failure>
    <system-out><![CDATA[
MockHttpServletRequest:
      HTTP Method = GET
      Request URI = /api/instructors/page/0/5
       Parameters = {}
          Headers = [Accept:"application/json"]
             Body = null
    Session Attrs = {}

Handler:
             Type = org.springframework.web.servlet.resource.ResourceHttpRequestHandler

Async:
    Async started = false
     Async result = null

Resolved Exception:
             Type = org.springframework.web.servlet.resource.NoResourceFoundException

ModelAndView:
        View name = null
             View = null
            Model = null

FlashMap:
       Attributes = null

MockHttpServletResponse:
           Status = 404
    Error message = No static resource api/instructors/page/0/5.
          Headers = [Vary:"Origin", "Access-Control-Request-Method", "Access-Control-Request-Headers"]
     Content type = null
             Body = 
    Forwarded URL = null
   Redirected URL = null
          Cookies = []
]]></system-out>
  </testcase>
  <testcase name="Day9_testPagination_TotalPagesExists" classname="com.examly.springapp.SpringappApplicationTests" time="0.003">
    <failure type="java.lang.AssertionError"><![CDATA[java.lang.AssertionError: Status expected:<200> but was:<404>
	at com.examly.springapp.SpringappApplicationTests.Day9_testPagination_TotalPagesExists(SpringappApplicationTests.java:805)
]]></failure>
    <system-out><![CDATA[
MockHttpServletRequest:
      HTTP Method = GET
      Request URI = /api/instructors/page/0/5
       Parameters = {}
          Headers = [Accept:"application/json"]
             Body = null
    Session Attrs = {}

Handler:
             Type = org.springframework.web.servlet.resource.ResourceHttpRequestHandler

Async:
    Async started = false
     Async result = null

Resolved Exception:
             Type = org.springframework.web.servlet.resource.NoResourceFoundException

ModelAndView:
        View name = null
             View = null
            Model = null

FlashMap:
       Attributes = null

MockHttpServletResponse:
           Status = 404
    Error message = No static resource api/instructors/page/0/5.
          Headers = [Vary:"Origin", "Access-Control-Request-Method", "Access-Control-Request-Headers"]
     Content type = null
             Body = 
    Forwarded URL = null
   Redirected URL = null
          Cookies = []
]]></system-out>
  </testcase>
  <testcase name="Day10_testAddCourse" classname="com.examly.springapp.SpringappApplicationTests" time="0.021">
    <failure type="java.lang.AssertionError"><![CDATA[java.lang.AssertionError: Status expected:<201> but was:<404>
	at com.examly.springapp.SpringappApplicationTests.Day10_testAddCourse(SpringappApplicationTests.java:818)
]]></failure>
    <system-out><![CDATA[
MockHttpServletRequest:
      HTTP Method = POST
      Request URI = /api/courses
       Parameters = {}
          Headers = [Content-Type:"application/json;charset=UTF-8", Accept:"application/json", Content-Length:"167"]
             Body = { "courseName": "Java Programming", "description": "Learn Java from basics", "duration": 40, "price": 99.99, "level": "Beginner", "instructor": { "instructorId": 1 } }
    Session Attrs = {}

Handler:
             Type = org.springframework.web.servlet.resource.ResourceHttpRequestHandler

Async:
    Async started = false
     Async result = null

Resolved Exception:
             Type = org.springframework.web.servlet.resource.NoResourceFoundException

ModelAndView:
        View name = null
             View = null
            Model = null

FlashMap:
       Attributes = null

MockHttpServletResponse:
           Status = 404
    Error message = No static resource api/courses.
          Headers = [Vary:"Origin", "Access-Control-Request-Method", "Access-Control-Request-Headers"]
     Content type = null
             Body = 
    Forwarded URL = null
   Redirected URL = null
          Cookies = []
]]></system-out>
  </testcase>
  <testcase name="Day10_testGetAllCourses" classname="com.examly.springapp.SpringappApplicationTests" time="0.005">
    <failure type="java.lang.AssertionError"><![CDATA[java.lang.AssertionError: Status expected:<200> but was:<404>
	at com.examly.springapp.SpringappApplicationTests.Day10_testGetAllCourses(SpringappApplicationTests.java:830)
]]></failure>
    <system-out><![CDATA[
MockHttpServletRequest:
      HTTP Method = GET
      Request URI = /api/courses
       Parameters = {}
          Headers = [Accept:"application/json"]
             Body = null
    Session Attrs = {}

Handler:
             Type = org.springframework.web.servlet.resource.ResourceHttpRequestHandler

Async:
    Async started = false
     Async result = null

Resolved Exception:
             Type = org.springframework.web.servlet.resource.NoResourceFoundException

ModelAndView:
        View name = null
             View = null
            Model = null

FlashMap:
       Attributes = null

MockHttpServletResponse:
           Status = 404
    Error message = No static resource api/courses.
          Headers = [Vary:"Origin", "Access-Control-Request-Method", "Access-Control-Request-Headers"]
     Content type = null
             Body = 
    Forwarded URL = null
   Redirected URL = null
          Cookies = []
]]></system-out>
  </testcase>
  <testcase name="Day10_testGetCourseById" classname="com.examly.springapp.SpringappApplicationTests" time="0.005">
    <failure type="java.lang.AssertionError"><![CDATA[java.lang.AssertionError: Status expected:<200> but was:<404>
	at com.examly.springapp.SpringappApplicationTests.Day10_testGetCourseById(SpringappApplicationTests.java:842)
]]></failure>
    <system-out><![CDATA[
MockHttpServletRequest:
      HTTP Method = GET
      Request URI = /api/courses/1
       Parameters = {}
          Headers = [Accept:"application/json"]
             Body = null
    Session Attrs = {}

Handler:
             Type = org.springframework.web.servlet.resource.ResourceHttpRequestHandler

Async:
    Async started = false
     Async result = null

Resolved Exception:
             Type = org.springframework.web.servlet.resource.NoResourceFoundException

ModelAndView:
        View name = null
             View = null
            Model = null

FlashMap:
       Attributes = null

MockHttpServletResponse:
           Status = 404
    Error message = No static resource api/courses/1.
          Headers = [Vary:"Origin", "Access-Control-Request-Method", "Access-Control-Request-Headers"]
     Content type = null
             Body = 
    Forwarded URL = null
   Redirected URL = null
          Cookies = []
]]></system-out>
  </testcase>
  <testcase name="Day10_testUpdateCourse" classname="com.examly.springapp.SpringappApplicationTests" time="0.005">
    <failure type="java.lang.AssertionError"><![CDATA[java.lang.AssertionError: Status expected:<200> but was:<404>
	at com.examly.springapp.SpringappApplicationTests.Day10_testUpdateCourse(SpringappApplicationTests.java:858)
]]></failure>
    <system-out><![CDATA[
MockHttpServletRequest:
      HTTP Method = PUT
      Request URI = /api/courses/1
       Parameters = {}
          Headers = [Content-Type:"application/json;charset=UTF-8", Accept:"application/json", Content-Length:"166"]
             Body = { "courseName": "Advanced Java", "description": "Master Java programming", "duration": 60, "price": 149.99, "level": "Advanced", "instructor": { "instructorId": 1 } }
    Session Attrs = {}

Handler:
             Type = org.springframework.web.servlet.resource.ResourceHttpRequestHandler

Async:
    Async started = false
     Async result = null

Resolved Exception:
             Type = org.springframework.web.servlet.resource.NoResourceFoundException

ModelAndView:
        View name = null
             View = null
            Model = null

FlashMap:
       Attributes = null

MockHttpServletResponse:
           Status = 404
    Error message = No static resource api/courses/1.
          Headers = [Vary:"Origin", "Access-Control-Request-Method", "Access-Control-Request-Headers"]
     Content type = null
             Body = 
    Forwarded URL = null
   Redirected URL = null
          Cookies = []
]]></system-out>
  </testcase>
  <testcase name="Day10_testAddStudent" classname="com.examly.springapp.SpringappApplicationTests" time="0.005">
    <failure type="java.lang.AssertionError"><![CDATA[java.lang.AssertionError: Status expected:<201> but was:<404>
	at com.examly.springapp.SpringappApplicationTests.Day10_testAddStudent(SpringappApplicationTests.java:873)
]]></failure>
    <system-out><![CDATA[
MockHttpServletRequest:
      HTTP Method = POST
      Request URI = /api/students
       Parameters = {}
          Headers = [Content-Type:"application/json;charset=UTF-8", Accept:"application/json", Content-Length:"120"]
             Body = { "studentName": "Alice Johnson", "email": "alice@example.com", "phoneNumber": "+1-555-0100", "address": "123 Main St" }
    Session Attrs = {}

Handler:
             Type = org.springframework.web.servlet.resource.ResourceHttpRequestHandler

Async:
    Async started = false
     Async result = null

Resolved Exception:
             Type = org.springframework.web.servlet.resource.NoResourceFoundException

ModelAndView:
        View name = null
             View = null
            Model = null

FlashMap:
       Attributes = null

MockHttpServletResponse:
           Status = 404
    Error message = No static resource api/students.
          Headers = [Vary:"Origin", "Access-Control-Request-Method", "Access-Control-Request-Headers"]
     Content type = null
             Body = 
    Forwarded URL = null
   Redirected URL = null
          Cookies = []
]]></system-out>
  </testcase>
  <testcase name="Day10_testGetAllStudents" classname="com.examly.springapp.SpringappApplicationTests" time="0.004">
    <failure type="java.lang.AssertionError"><![CDATA[java.lang.AssertionError: Status expected:<200> but was:<404>
	at com.examly.springapp.SpringappApplicationTests.Day10_testGetAllStudents(SpringappApplicationTests.java:885)
]]></failure>
    <system-out><![CDATA[
MockHttpServletRequest:
      HTTP Method = GET
      Request URI = /api/students
       Parameters = {}
          Headers = [Accept:"application/json"]
             Body = null
    Session Attrs = {}

Handler:
             Type = org.springframework.web.servlet.resource.ResourceHttpRequestHandler

Async:
    Async started = false
     Async result = null

Resolved Exception:
             Type = org.springframework.web.servlet.resource.NoResourceFoundException

ModelAndView:
        View name = null
             View = null
            Model = null

FlashMap:
       Attributes = null

MockHttpServletResponse:
           Status = 404
    Error message = No static resource api/students.
          Headers = [Vary:"Origin", "Access-Control-Request-Method", "Access-Control-Request-Headers"]
     Content type = null
             Body = 
    Forwarded URL = null
   Redirected URL = null
          Cookies = []
]]></system-out>
  </testcase>
  <testcase name="Day10_testGetStudentById" classname="com.examly.springapp.SpringappApplicationTests" time="0.004">
    <failure type="java.lang.AssertionError"><![CDATA[java.lang.AssertionError: Status expected:<200> but was:<404>
	at com.examly.springapp.SpringappApplicationTests.Day10_testGetStudentById(SpringappApplicationTests.java:896)
]]></failure>
    <system-out><![CDATA[
MockHttpServletRequest:
      HTTP Method = GET
      Request URI = /api/students/1
       Parameters = {}
          Headers = [Accept:"application/json"]
             Body = null
    Session Attrs = {}

Handler:
             Type = org.springframework.web.servlet.resource.ResourceHttpRequestHandler

Async:
    Async started = false
     Async result = null

Resolved Exception:
             Type = org.springframework.web.servlet.resource.NoResourceFoundException

ModelAndView:
        View name = null
             View = null
            Model = null

FlashMap:
       Attributes = null

MockHttpServletResponse:
           Status = 404
    Error message = No static resource api/students/1.
          Headers = [Vary:"Origin", "Access-Control-Request-Method", "Access-Control-Request-Headers"]
     Content type = null
             Body = 
    Forwarded URL = null
   Redirected URL = null
          Cookies = []
]]></system-out>
  </testcase>
  <testcase name="Day10_testUpdateStudent" classname="com.examly.springapp.SpringappApplicationTests" time="0.004">
    <failure type="java.lang.AssertionError"><![CDATA[java.lang.AssertionError: Status expected:<200> but was:<404>
	at com.examly.springapp.SpringappApplicationTests.Day10_testUpdateStudent(SpringappApplicationTests.java:911)
]]></failure>
    <system-out><![CDATA[
MockHttpServletRequest:
      HTTP Method = PUT
      Request URI = /api/students/1
       Parameters = {}
          Headers = [Content-Type:"application/json;charset=UTF-8", Accept:"application/json", Content-Length:"127"]
             Body = { "studentName": "Alice Updated", "email": "alice.updated@example.com", "phoneNumber": "+1-555-0100", "address": "456 New St" }
    Session Attrs = {}

Handler:
             Type = org.springframework.web.servlet.resource.ResourceHttpRequestHandler

Async:
    Async started = false
     Async result = null

Resolved Exception:
             Type = org.springframework.web.servlet.resource.NoResourceFoundException

ModelAndView:
        View name = null
             View = null
            Model = null

FlashMap:
       Attributes = null

MockHttpServletResponse:
           Status = 404
    Error message = No static resource api/students/1.
          Headers = [Vary:"Origin", "Access-Control-Request-Method", "Access-Control-Request-Headers"]
     Content type = null
             Body = 
    Forwarded URL = null
   Redirected URL = null
          Cookies = []
]]></system-out>
  </testcase>
  <testcase name="Day11_testGetCoursesByInstructor" classname="com.examly.springapp.SpringappApplicationTests" time="0.004">
    <failure type="java.lang.AssertionError"><![CDATA[java.lang.AssertionError: Status expected:<200> but was:<404>
	at com.examly.springapp.SpringappApplicationTests.Day11_testGetCoursesByInstructor(SpringappApplicationTests.java:923)
]]></failure>
    <system-out><![CDATA[
MockHttpServletRequest:
      HTTP Method = GET
      Request URI = /api/courses/instructor/1
       Parameters = {}
          Headers = [Accept:"application/json"]
             Body = null
    Session Attrs = {}

Handler:
             Type = org.springframework.web.servlet.resource.ResourceHttpRequestHandler

Async:
    Async started = false
     Async result = null

Resolved Exception:
             Type = org.springframework.web.servlet.resource.NoResourceFoundException

ModelAndView:
        View name = null
             View = null
            Model = null

FlashMap:
       Attributes = null

MockHttpServletResponse:
           Status = 404
    Error message = No static resource api/courses/instructor/1.
          Headers = [Vary:"Origin", "Access-Control-Request-Method", "Access-Control-Request-Headers"]
     Content type = null
             Body = 
    Forwarded URL = null
   Redirected URL = null
          Cookies = []
]]></system-out>
  </testcase>
  <testcase name="Day12_testGetCoursesByLevel" classname="com.examly.springapp.SpringappApplicationTests" time="0.004">
    <failure type="java.lang.AssertionError"><![CDATA[java.lang.AssertionError: Status expected:<200> but was:<404>
	at com.examly.springapp.SpringappApplicationTests.Day12_testGetCoursesByLevel(SpringappApplicationTests.java:934)
]]></failure>
    <system-out><![CDATA[
MockHttpServletRequest:
      HTTP Method = GET
      Request URI = /api/courses/level/Advanced
       Parameters = {}
          Headers = [Accept:"application/json"]
             Body = null
    Session Attrs = {}

Handler:
             Type = org.springframework.web.servlet.resource.ResourceHttpRequestHandler

Async:
    Async started = false
     Async result = null

Resolved Exception:
             Type = org.springframework.web.servlet.resource.NoResourceFoundException

ModelAndView:
        View name = null
             View = null
            Model = null

FlashMap:
       Attributes = null

MockHttpServletResponse:
           Status = 404
    Error message = No static resource api/courses/level/Advanced.
          Headers = [Vary:"Origin", "Access-Control-Request-Method", "Access-Control-Request-Headers"]
     Content type = null
             Body = 
    Forwarded URL = null
   Redirected URL = null
          Cookies = []
]]></system-out>
  </testcase>
  <testcase name="Day12_testGetStudentsByEmail" classname="com.examly.springapp.SpringappApplicationTests" time="0.004">
    <failure type="java.lang.AssertionError"><![CDATA[java.lang.AssertionError: Status expected:<200> but was:<404>
	at com.examly.springapp.SpringappApplicationTests.Day12_testGetStudentsByEmail(SpringappApplicationTests.java:946)
]]></failure>
    <system-out><![CDATA[
MockHttpServletRequest:
      HTTP Method = GET
      Request URI = /api/students/email/alice.updated@example.com
       Parameters = {}
          Headers = [Accept:"application/json"]
             Body = null
    Session Attrs = {}

Handler:
             Type = org.springframework.web.servlet.resource.ResourceHttpRequestHandler

Async:
    Async started = false
     Async result = null

Resolved Exception:
             Type = org.springframework.web.servlet.resource.NoResourceFoundException

ModelAndView:
        View name = null
             View = null
            Model = null

FlashMap:
       Attributes = null

MockHttpServletResponse:
           Status = 404
    Error message = No static resource api/students/email/alice.updated@example.com.
          Headers = [Vary:"Origin", "Access-Control-Request-Method", "Access-Control-Request-Headers"]
     Content type = null
             Body = 
    Forwarded URL = null
   Redirected URL = null
          Cookies = []
]]></system-out>
  </testcase>
  <testcase name="Day12_testGetCoursesByLevel_NotFound" classname="com.examly.springapp.SpringappApplicationTests" time="0.004">
    <failure type="java.lang.AssertionError"><![CDATA[java.lang.AssertionError: Status expected:<204> but was:<404>
	at com.examly.springapp.SpringappApplicationTests.Day12_testGetCoursesByLevel_NotFound(SpringappApplicationTests.java:958)
]]></failure>
    <system-out><![CDATA[
MockHttpServletRequest:
      HTTP Method = GET
      Request URI = /api/courses/level/Expert
       Parameters = {}
          Headers = [Accept:"application/json"]
             Body = null
    Session Attrs = {}

Handler:
             Type = org.springframework.web.servlet.resource.ResourceHttpRequestHandler

Async:
    Async started = false
     Async result = null

Resolved Exception:
             Type = org.springframework.web.servlet.resource.NoResourceFoundException

ModelAndView:
        View name = null
             View = null
            Model = null

FlashMap:
       Attributes = null

MockHttpServletResponse:
           Status = 404
    Error message = No static resource api/courses/level/Expert.
          Headers = [Vary:"Origin", "Access-Control-Request-Method", "Access-Control-Request-Headers"]
     Content type = null
             Body = 
    Forwarded URL = null
   Redirected URL = null
          Cookies = []
]]></system-out>
  </testcase>
  <testcase name="Day12_testGetInstructorBySpecialization" classname="com.examly.springapp.SpringappApplicationTests" time="0.005">
    <failure type="java.lang.AssertionError"><![CDATA[java.lang.AssertionError: Status expected:<200> but was:<404>
	at com.examly.springapp.SpringappApplicationTests.Day12_testGetInstructorBySpecialization(SpringappApplicationTests.java:968)
]]></failure>
    <system-out><![CDATA[
MockHttpServletRequest:
      HTTP Method = GET
      Request URI = /api/instructors/specialization/AI%20&%20Machine%20Learning
       Parameters = {}
          Headers = [Accept:"application/json"]
             Body = null
    Session Attrs = {}

Handler:
             Type = org.springframework.web.servlet.resource.ResourceHttpRequestHandler

Async:
    Async started = false
     Async result = null

Resolved Exception:
             Type = org.springframework.web.servlet.resource.NoResourceFoundException

ModelAndView:
        View name = null
             View = null
            Model = null

FlashMap:
       Attributes = null

MockHttpServletResponse:
           Status = 404
    Error message = No static resource api/instructors/specialization/AI & Machine Learning.
          Headers = [Vary:"Origin", "Access-Control-Request-Method", "Access-Control-Request-Headers"]
     Content type = null
             Body = 
    Forwarded URL = null
   Redirected URL = null
          Cookies = []
]]></system-out>
  </testcase>
  <testcase name="Day12_testGetInstructorBySpecialization_NotFound" classname="com.examly.springapp.SpringappApplicationTests" time="0.004">
    <failure type="java.lang.AssertionError"><![CDATA[java.lang.AssertionError: Response content expected:<No instructors found with specialization: Biology> but was:<>
	at com.examly.springapp.SpringappApplicationTests.Day12_testGetInstructorBySpecialization_NotFound(SpringappApplicationTests.java:980)
]]></failure>
    <system-out><![CDATA[
MockHttpServletRequest:
      HTTP Method = GET
      Request URI = /api/instructors/specialization/Biology
       Parameters = {}
          Headers = [Accept:"application/json"]
             Body = null
    Session Attrs = {}

Handler:
             Type = org.springframework.web.servlet.resource.ResourceHttpRequestHandler

Async:
    Async started = false
     Async result = null

Resolved Exception:
             Type = org.springframework.web.servlet.resource.NoResourceFoundException

ModelAndView:
        View name = null
             View = null
            Model = null

FlashMap:
       Attributes = null

MockHttpServletResponse:
           Status = 404
    Error message = No static resource api/instructors/specialization/Biology.
          Headers = [Vary:"Origin", "Access-Control-Request-Method", "Access-Control-Request-Headers"]
     Content type = null
             Body = 
    Forwarded URL = null
   Redirected URL = null
          Cookies = []
]]></system-out>
  </testcase>
  <testcase name="Day13_test_exception_Directory_Exists" classname="com.examly.springapp.SpringappApplicationTests" time="0.002">
    <failure type="org.opentest4j.AssertionFailedError"><![CDATA[org.opentest4j.AssertionFailedError: expected: <true> but was: <false>
	at com.examly.springapp.SpringappApplicationTests.Day13_test_exception_Directory_Exists(SpringappApplicationTests.java:986)
]]></failure>
  </testcase>
  <testcase name="Day13_test_GlobalException_File_Exists" classname="com.examly.springapp.SpringappApplicationTests" time="0.002">
    <failure type="org.opentest4j.AssertionFailedError"><![CDATA[org.opentest4j.AssertionFailedError: expected: <true> but was: <false>
	at com.examly.springapp.SpringappApplicationTests.Day13_test_GlobalException_File_Exists(SpringappApplicationTests.java:992)
]]></failure>
  </testcase>
  <testcase name="Day14_test_configuration_Directory_Exists" classname="com.examly.springapp.SpringappApplicationTests" time="0.032">
    <failure type="org.opentest4j.AssertionFailedError"><![CDATA[org.opentest4j.AssertionFailedError: expected: <true> but was: <false>
	at com.examly.springapp.SpringappApplicationTests.Day14_test_configuration_Directory_Exists(SpringappApplicationTests.java:998)
]]></failure>
  </testcase>
  <testcase name="Day15_testAOPLogFileExists" classname="com.examly.springapp.SpringappApplicationTests" time="0.002">
    <failure type="org.opentest4j.AssertionFailedError"><![CDATA[org.opentest4j.AssertionFailedError: expected: <true> but was: <false>
	at com.examly.springapp.SpringappApplicationTests.Day15_testAOPLogFileExists(SpringappApplicationTests.java:1004)
]]></failure>
  </testcase>
</testsuite>