<?xml version="1.0" encoding="UTF-8"?>
<testsuite xmlns:xsi="http://www.w3.org/2001/XMLSchema-instance" xsi:noNamespaceSchemaLocation="https://maven.apache.org/surefire/maven-surefire-plugin/xsd/surefire-test-report-3.0.xsd" version="3.0" name="com.examly.springapp.SpringappApplicationTests" time="5.891" tests="79" errors="0" skipped="0" failures="12">
  <properties>
[...]
</properties>
  <testcase name="Day3_test_Controller_Directory_Exists" classname="com.examly.springapp.SpringappApplicationTests" time="0.444">
    <system-out><![CDATA[14:10:25.553 [main] INFO org.springframework.test.context.support.AnnotationConfigContextLoaderUtils -- Could not detect default configuration classes for test class [com.examly.springapp.SpringappApplicationTests]: SpringappApplicationTests does not declare any static, non-private, non-final, nested classes annotated with @Configuration.
14:10:25.698 [main] INFO org.springframework.boot.test.context.SpringBootTestContextBootstrapper -- Found @SpringBootConfiguration com.examly.springapp.SpringappApplication for test class com.examly.springapp.SpringappApplicationTests
14:10:25.849 [main] INFO org.springframework.boot.devtools.restart.RestartApplicationListener -- Restart disabled due to context in which it is running

  .   ____          _            __ _ _
 /\\ / ___'_ __ _ _(_)_ __  __ _ \ \ \ \
( ( )\___ | '_ | '_| | '_ \/ _` | \ \ \ \
 \\/  ___)| |_)| | | | | || (_| |  ) ) ) )
  '  |____| .__|_| |_|_| |_\__, | / / / /
 =========|_|==============|___/=/_/_/_/

 :: Spring Boot ::               (v3.4.12)

2025-12-18T14:10:26.116Z  INFO 3603 --- [           main] c.e.springapp.SpringappApplicationTests  : Starting SpringappApplicationTests using Java 17.0.17 with PID 3603 (started by coder in /home/coder/project/workspace/springapp)
2025-12-18T14:10:26.117Z  INFO 3603 --- [           main] c.e.springapp.SpringappApplicationTests  : No active profile set, falling back to 1 default profile: "default"
2025-12-18T14:10:26.774Z  INFO 3603 --- [           main] .s.d.r.c.RepositoryConfigurationDelegate : Bootstrapping Spring Data JPA repositories in DEFAULT mode.
2025-12-18T14:10:26.830Z  INFO 3603 --- [           main] .s.d.r.c.RepositoryConfigurationDelegate : Finished Spring Data repository scanning in 48 ms. Found 4 JPA repository interfaces.
2025-12-18T14:10:27.160Z  INFO 3603 --- [           main] o.hibernate.jpa.internal.util.LogHelper  : HHH000204: Processing PersistenceUnitInfo [name: default]
2025-12-18T14:10:27.203Z  INFO 3603 --- [           main] org.hibernate.Version                    : HHH000412: Hibernate ORM core version 6.6.36.Final
2025-12-18T14:10:27.237Z  INFO 3603 --- [           main] o.h.c.internal.RegionFactoryInitiator    : HHH000026: Second-level cache disabled
2025-12-18T14:10:27.445Z  INFO 3603 --- [           main] o.s.o.j.p.SpringPersistenceUnitInfo      : No LoadTimeWeaver setup: ignoring JPA class transformer
2025-12-18T14:10:27.471Z  INFO 3603 --- [           main] com.zaxxer.hikari.HikariDataSource       : HikariPool-1 - Starting...
2025-12-18T14:10:27.632Z  INFO 3603 --- [           main] com.zaxxer.hikari.pool.HikariPool        : HikariPool-1 - Added connection com.mysql.cj.jdbc.ConnectionImpl@31c7c281
2025-12-18T14:10:27.633Z  INFO 3603 --- [           main] com.zaxxer.hikari.HikariDataSource       : HikariPool-1 - Start completed.
2025-12-18T14:10:27.653Z  WARN 3603 --- [           main] org.hibernate.orm.deprecation            : HHH90000025: MySQL8Dialect does not need to be specified explicitly using 'hibernate.dialect' (remove the property setting and it will be selected by default)
2025-12-18T14:10:27.654Z  WARN 3603 --- [           main] org.hibernate.orm.deprecation            : HHH90000026: MySQL8Dialect has been deprecated; use org.hibernate.dialect.MySQLDialect instead
2025-12-18T14:10:27.680Z  INFO 3603 --- [           main] org.hibernate.orm.connections.pooling    : HHH10001005: Database info:
	Database JDBC URL [Connecting through datasource 'HikariDataSource (HikariPool-1)']
	Database driver: undefined/unknown
	Database version: 8.0
	Autocommit mode: undefined/unknown
	Isolation level: undefined/unknown
	Minimum pool size: undefined/unknown
	Maximum pool size: undefined/unknown
2025-12-18T14:10:28.511Z  INFO 3603 --- [           main] o.h.e.t.j.p.i.JtaPlatformInitiator       : HHH000489: No JTA platform available (set 'hibernate.transaction.jta.platform' to enable JTA platform integration)
Hibernate: alter table enrollment drop foreign key FKf77yp9lcpuxgy4qud1nw5mkp7
Hibernate: alter table enrollment drop foreign key FK3cj0q1606uprpn1xhh6ct7pyy
Hibernate: drop table if exists course
Hibernate: drop table if exists course_seq
Hibernate: drop table if exists enrollment
Hibernate: drop table if exists instructor
Hibernate: drop table if exists instructor_seq
Hibernate: drop table if exists student
Hibernate: drop table if exists student_seq
Hibernate: create table course (duration integer not null, price float(53) not null, course_id bigint not null, course_name varchar(255), description varchar(255), primary key (course_id)) engine=InnoDB
Hibernate: create table course_seq (next_val bigint) engine=InnoDB
Hibernate: insert into course_seq values ( 1 )
Hibernate: create table enrollment (course_id_course_id bigint, enrollment_id bigint not null, student_id_student_id bigint, primary key (enrollment_id)) engine=InnoDB
Hibernate: create table instructor (instructor_id bigint not null, instructor_name varchar(255), phone_number varchar(255), specialization varchar(255), primary key (instructor_id)) engine=InnoDB
Hibernate: create table instructor_seq (next_val bigint) engine=InnoDB
Hibernate: insert into instructor_seq values ( 1 )
Hibernate: create table student (student_id bigint not null, address varchar(255), email varchar(255), phone_number varchar(255), student_name varchar(255), primary key (student_id)) engine=InnoDB
Hibernate: create table student_seq (next_val bigint) engine=InnoDB
Hibernate: insert into student_seq values ( 1 )
Hibernate: alter table enrollment add constraint FKf77yp9lcpuxgy4qud1nw5mkp7 foreign key (course_id_course_id) references course (course_id)
Hibernate: alter table enrollment add constraint FK3cj0q1606uprpn1xhh6ct7pyy foreign key (student_id_student_id) references student (student_id)
2025-12-18T14:10:28.935Z  INFO 3603 --- [           main] j.LocalContainerEntityManagerFactoryBean : Initialized JPA EntityManagerFactory for persistence unit 'default'
2025-12-18T14:10:29.295Z  WARN 3603 --- [           main] JpaBaseConfiguration$JpaWebConfiguration : spring.jpa.open-in-view is enabled by default. Therefore, database queries may be performed during view rendering. Explicitly configure spring.jpa.open-in-view to disable this warning
2025-12-18T14:10:29.699Z  INFO 3603 --- [           main] o.s.b.t.m.w.SpringBootMockServletContext : Initializing Spring TestDispatcherServlet ''
2025-12-18T14:10:29.700Z  INFO 3603 --- [           main] o.s.t.web.servlet.TestDispatcherServlet  : Initializing Servlet ''
2025-12-18T14:10:29.702Z  INFO 3603 --- [           main] o.s.t.web.servlet.TestDispatcherServlet  : Completed initialization in 1 ms
2025-12-18T14:10:29.735Z  INFO 3603 --- [           main] c.e.springapp.SpringappApplicationTests  : Started SpringappApplicationTests in 3.898 seconds (process running for 4.827)
]]></system-out>
  </testcase>
  <testcase name="Day3_test_Model_Directory_Exists" classname="com.examly.springapp.SpringappApplicationTests" time="0.005"/>
  <testcase name="Day3_test_Service_Directory_Exists" classname="com.examly.springapp.SpringappApplicationTests" time="0.004"/>
  <testcase name="Day3_test_Repository_Directory_Exists" classname="com.examly.springapp.SpringappApplicationTests" time="0.004"/>
  <testcase name="Day4_test_InstructorModel_File_Exists" classname="com.examly.springapp.SpringappApplicationTests" time="0.003"/>
  <testcase name="Day4_test_CourseModel_File_Exists" classname="com.examly.springapp.SpringappApplicationTests" time="0.004"/>
  <testcase name="Day4_test_Module_File_Exists" classname="com.examly.springapp.SpringappApplicationTests" time="0.003"/>
  <testcase name="Day4_test_Student_File_Exists" classname="com.examly.springapp.SpringappApplicationTests" time="0.012"/>
  <testcase name="Day4_test_Enrollment_File_Exists" classname="com.examly.springapp.SpringappApplicationTests" time="0.003"/>
  <testcase name="Day4_test_Course_Has_Entity_Annotation" classname="com.examly.springapp.SpringappApplicationTests" time="0.004"/>
  <testcase name="test_Course_Has_Id_Annotation_On_Field" classname="com.examly.springapp.SpringappApplicationTests" time="0.003"/>
  <testcase name="Day5_testInstructorRepo_File_Exists" classname="com.examly.springapp.SpringappApplicationTests" time="0.003"/>
  <testcase name="Day5_testCourseRepo_File_Exists" classname="com.examly.springapp.SpringappApplicationTests" time="0.003"/>
  <testcase name="Day5_testModuleRepo_File_Exists" classname="com.examly.springapp.SpringappApplicationTests" time="0.003"/>
  <testcase name="Day5_testStudentRepo_File_Exists" classname="com.examly.springapp.SpringappApplicationTests" time="0.003"/>
  <testcase name="Day5_testEnrollmentRepo_File_Exists" classname="com.examly.springapp.SpringappApplicationTests" time="0.004"/>
  <testcase name="Day5_test_CourseRepo_Has_Repository_Annotation" classname="com.examly.springapp.SpringappApplicationTests" time="0.003"/>
  <testcase name="Day5_test_InstructorRepo_Has_Repository_Annotation" classname="com.examly.springapp.SpringappApplicationTests" time="0.003"/>
  <testcase name="Day5_test_ModuleRepo_Has_Repository_Annotation" classname="com.examly.springapp.SpringappApplicationTests" time="0.004"/>
  <testcase name="Day5_test_StudentRepo_Has_Repository_Annotation" classname="com.examly.springapp.SpringappApplicationTests" time="0.003"/>
  <testcase name="Day5_test_EnrollmentRepo_Has_Repository_Annotation" classname="com.examly.springapp.SpringappApplicationTests" time="0.003"/>
  <testcase name="Day6_test_InstructorController_File_Exists" classname="com.examly.springapp.SpringappApplicationTests" time="0.003"/>
  <testcase name="Day6_test_CourseController_File_Exists" classname="com.examly.springapp.SpringappApplicationTests" time="0.003"/>
  <testcase name="Day6_test_ModuleController_File_Exists" classname="com.examly.springapp.SpringappApplicationTests" time="0.004"/>
  <testcase name="Day6_test_StudentController_File_Exists" classname="com.examly.springapp.SpringappApplicationTests" time="0.03"/>
  <testcase name="Day6_test_EnrollmentController_File_Exists" classname="com.examly.springapp.SpringappApplicationTests" time="0.004"/>
  <testcase name="Day6_test_InstructorController_Has_RestController_Annotation" classname="com.examly.springapp.SpringappApplicationTests" time="0.004"/>
  <testcase name="Day6_test_CourseController_Has_RestController_Annotation" classname="com.examly.springapp.SpringappApplicationTests" time="0.003"/>
  <testcase name="Day6_test_InstructorController_Has_PostMapping" classname="com.examly.springapp.SpringappApplicationTests" time="0.003"/>
  <testcase name="Day6_test_InstructorController_Has_GetMapping" classname="com.examly.springapp.SpringappApplicationTests" time="0.003"/>
  <testcase name="Day6_test_InstructorController_Has_PutMapping" classname="com.examly.springapp.SpringappApplicationTests" time="0.003"/>
  <testcase name="Day6_test_InstructorController_Has_DeleteMapping" classname="com.examly.springapp.SpringappApplicationTests" time="0.009">
    <failure type="org.opentest4j.AssertionFailedError"><![CDATA[org.opentest4j.AssertionFailedError: ❌ No @DeleteMapping method found in InstructorController ==> expected: <true> but was: <false>
	at com.examly.springapp.SpringappApplicationTests.Day6_test_InstructorController_Has_DeleteMapping(SpringappApplicationTests.java:407)
]]></failure>
  </testcase>
  <testcase name="Day6_testCreateInstructor_NoBody_StatusBadRequest" classname="com.examly.springapp.SpringappApplicationTests" time="0.092">
    <system-out><![CDATA[2025-12-18T14:10:30.455Z  WARN 3603 --- [           main] .w.s.m.s.DefaultHandlerExceptionResolver : Resolved [org.springframework.http.converter.HttpMessageNotReadableException: Required request body is missing: public org.springframework.http.ResponseEntity<com.examly.springapp.model.Instructor> com.examly.springapp.controller.InstructorController.AddInstructor(com.examly.springapp.model.Instructor)]
]]></system-out>
  </testcase>
  <testcase name="Day6_testGetAllInstructors_StatusNoContent" classname="com.examly.springapp.SpringappApplicationTests" time="0.162">
    <failure type="java.lang.AssertionError"><![CDATA[java.lang.AssertionError: Status expected:<204> but was:<200>
	at com.examly.springapp.SpringappApplicationTests.Day6_testGetAllInstructors_StatusNoContent(SpringappApplicationTests.java:430)
]]></failure>
    <system-out><![CDATA[Hibernate: select i1_0.instructor_id,i1_0.instructor_name,i1_0.phone_number,i1_0.specialization from instructor i1_0

MockHttpServletRequest:
      HTTP Method = GET
      Request URI = /api/instructors
       Parameters = {}
          Headers = []
             Body = null
    Session Attrs = {}

Handler:
             Type = com.examly.springapp.controller.InstructorController
           Method = com.examly.springapp.controller.InstructorController#getAllInstructors()

Async:
    Async started = false
     Async result = null

Resolved Exception:
             Type = null

ModelAndView:
        View name = null
             View = null
            Model = null

FlashMap:
       Attributes = null

MockHttpServletResponse:
           Status = 200
    Error message = null
          Headers = [Content-Type:"application/json"]
     Content type = application/json
             Body = []
    Forwarded URL = null
   Redirected URL = null
          Cookies = []
]]></system-out>
  </testcase>
  <testcase name="Day7_test_InstructorController_Has_RequestMapping" classname="com.examly.springapp.SpringappApplicationTests" time="0.004"/>
  <testcase name="Day7_test_InstructorController_Has_PathVariable" classname="com.examly.springapp.SpringappApplicationTests" time="0.003"/>
  <testcase name="Day7_test_CourseController_Has_RequestMapping" classname="com.examly.springapp.SpringappApplicationTests" time="0.003"/>
  <testcase name="Day7_test_StudentController_Has_RequestMapping" classname="com.examly.springapp.SpringappApplicationTests" time="0.003"/>
  <testcase name="Day7_test_CourseController_Has_PathVariable" classname="com.examly.springapp.SpringappApplicationTests" time="0.002"/>
  <testcase name="Day7_test_StudentController_Has_PathVariable" classname="com.examly.springapp.SpringappApplicationTests" time="0.002"/>
  <testcase name="Day7_test_EnrollmentController_Has_RequestMapping" classname="com.examly.springapp.SpringappApplicationTests" time="0.002"/>
  <testcase name="Day8_test_InstructorService_File_Exists" classname="com.examly.springapp.SpringappApplicationTests" time="0.002"/>
  <testcase name="Day8_test_CourseService_File_Exists" classname="com.examly.springapp.SpringappApplicationTests" time="0.002"/>
  <testcase name="Day8_test_ModuleService_File_Exists" classname="com.examly.springapp.SpringappApplicationTests" time="0.003"/>
  <testcase name="Day8_test_StudentService_File_Exists" classname="com.examly.springapp.SpringappApplicationTests" time="0.003"/>
  <testcase name="Day8_test_EnrollmentService_File_Exists" classname="com.examly.springapp.SpringappApplicationTests" time="0.002"/>
  <testcase name="Day8_test_InstructorServiceImpl_File_Exists" classname="com.examly.springapp.SpringappApplicationTests" time="0.002"/>
  <testcase name="Day8_test_CourseServiceImpl_File_Exists" classname="com.examly.springapp.SpringappApplicationTests" time="0.003"/>
  <testcase name="Day8_test_ModuleServiceImpl_File_Exists" classname="com.examly.springapp.SpringappApplicationTests" time="0.003"/>
  <testcase name="Day8_test_StudentServiceImpl_File_Exists" classname="com.examly.springapp.SpringappApplicationTests" time="0.002"/>
  <testcase name="Day8_test_EnrollmentServiceImpl_File_Exists" classname="com.examly.springapp.SpringappApplicationTests" time="0.002"/>
  <testcase name="Day8_testAddInstructor" classname="com.examly.springapp.SpringappApplicationTests" time="0.094">
    <system-out><![CDATA[Hibernate: select next_val as id_val from instructor_seq for update
Hibernate: update instructor_seq set next_val= ? where next_val=?
Hibernate: insert into instructor (instructor_name,phone_number,specialization,instructor_id) values (?,?,?,?)
]]></system-out>
  </testcase>
  <testcase name="Day8_testGetAllInstructors" classname="com.examly.springapp.SpringappApplicationTests" time="0.013">
    <system-out><![CDATA[Hibernate: select i1_0.instructor_id,i1_0.instructor_name,i1_0.phone_number,i1_0.specialization from instructor i1_0
]]></system-out>
  </testcase>
  <testcase name="Day8_testGetInstructorById" classname="com.examly.springapp.SpringappApplicationTests" time="0.018">
    <system-out><![CDATA[Hibernate: select i1_0.instructor_id,i1_0.instructor_name,i1_0.phone_number,i1_0.specialization from instructor i1_0 where i1_0.instructor_id=?
]]></system-out>
  </testcase>
  <testcase name="Day8_testUpdateInstructor" classname="com.examly.springapp.SpringappApplicationTests" time="0.189">
    <system-out><![CDATA[Hibernate: select count(*) from instructor i1_0 where i1_0.instructor_id=?
Hibernate: select i1_0.instructor_id,i1_0.instructor_name,i1_0.phone_number,i1_0.specialization from instructor i1_0 where i1_0.instructor_id=?
Hibernate: update instructor set instructor_name=?,phone_number=?,specialization=? where instructor_id=?
]]></system-out>
  </testcase>
  <testcase name="Day9_testPagination_PageNumberApplied" classname="com.examly.springapp.SpringappApplicationTests" time="0.028">
    <system-out><![CDATA[Hibernate: select i1_0.instructor_id,i1_0.instructor_name,i1_0.phone_number,i1_0.specialization from instructor i1_0 limit ?,?
2025-12-18T14:10:31.018Z  WARN 3603 --- [           main] ration$PageModule$WarningLoggingModifier : Serializing PageImpl instances as-is is not supported, meaning that there is no guarantee about the stability of the resulting JSON structure!
	For a stable JSON structure, please use Spring Data's PagedModel (globally via @EnableSpringDataWebSupport(pageSerializationMode = VIA_DTO))
	or Spring HATEOAS and Spring Data's PagedResourcesAssembler as documented in https://docs.spring.io/spring-data/commons/reference/repositories/core-extensions.html#core.web.pageables.

]]></system-out>
  </testcase>
  <testcase name="Day9_testPagination_PageSizeApplied" classname="com.examly.springapp.SpringappApplicationTests" time="0.014">
    <system-out><![CDATA[Hibernate: select i1_0.instructor_id,i1_0.instructor_name,i1_0.phone_number,i1_0.specialization from instructor i1_0 limit ?,?
Hibernate: select count(i1_0.instructor_id) from instructor i1_0
]]></system-out>
  </testcase>
  <testcase name="Day9_testPagination_SortingPresent" classname="com.examly.springapp.SpringappApplicationTests" time="0.013">
    <system-out><![CDATA[Hibernate: select i1_0.instructor_id,i1_0.instructor_name,i1_0.phone_number,i1_0.specialization from instructor i1_0 limit ?,?
]]></system-out>
  </testcase>
  <testcase name="Day9_testPagination_ContentArrayExists" classname="com.examly.springapp.SpringappApplicationTests" time="0.01">
    <system-out><![CDATA[Hibernate: select i1_0.instructor_id,i1_0.instructor_name,i1_0.phone_number,i1_0.specialization from instructor i1_0 limit ?,?
]]></system-out>
  </testcase>
  <testcase name="Day9_testPagination_TotalElementsExists" classname="com.examly.springapp.SpringappApplicationTests" time="0.012">
    <system-out><![CDATA[Hibernate: select i1_0.instructor_id,i1_0.instructor_name,i1_0.phone_number,i1_0.specialization from instructor i1_0 limit ?,?
]]></system-out>
  </testcase>
  <testcase name="Day9_testPagination_TotalPagesExists" classname="com.examly.springapp.SpringappApplicationTests" time="0.01">
    <system-out><![CDATA[Hibernate: select i1_0.instructor_id,i1_0.instructor_name,i1_0.phone_number,i1_0.specialization from instructor i1_0 limit ?,?
]]></system-out>
  </testcase>
  <testcase name="Day10_testAddCourse" classname="com.examly.springapp.SpringappApplicationTests" time="0.02">
    <system-out><![CDATA[Hibernate: select next_val as id_val from course_seq for update
Hibernate: update course_seq set next_val= ? where next_val=?
Hibernate: insert into course (course_name,description,duration,price,course_id) values (?,?,?,?,?)
]]></system-out>
  </testcase>
  <testcase name="Day10_testGetAllCourses" classname="com.examly.springapp.SpringappApplicationTests" time="0.009">
    <system-out><![CDATA[Hibernate: select c1_0.course_id,c1_0.course_name,c1_0.description,c1_0.duration,c1_0.price from course c1_0
]]></system-out>
  </testcase>
  <testcase name="Day10_testGetCourseById" classname="com.examly.springapp.SpringappApplicationTests" time="0.009">
    <system-out><![CDATA[Hibernate: select c1_0.course_id,c1_0.course_name,c1_0.description,c1_0.duration,c1_0.price from course c1_0 where c1_0.course_id=?
]]></system-out>
  </testcase>
  <testcase name="Day10_testUpdateCourse" classname="com.examly.springapp.SpringappApplicationTests" time="0.017">
    <system-out><![CDATA[Hibernate: select count(*) from course c1_0 where c1_0.course_id=?
Hibernate: select c1_0.course_id,c1_0.course_name,c1_0.description,c1_0.duration,c1_0.price from course c1_0 where c1_0.course_id=?
Hibernate: update course set course_name=?,description=?,duration=?,price=? where course_id=?
]]></system-out>
  </testcase>
  <testcase name="Day10_testAddStudent" classname="com.examly.springapp.SpringappApplicationTests" time="0.021">
    <system-out><![CDATA[Hibernate: select next_val as id_val from student_seq for update
Hibernate: update student_seq set next_val= ? where next_val=?
Hibernate: insert into student (address,email,phone_number,student_name,student_id) values (?,?,?,?,?)
]]></system-out>
  </testcase>
  <testcase name="Day10_testGetAllStudents" classname="com.examly.springapp.SpringappApplicationTests" time="0.01">
    <system-out><![CDATA[Hibernate: select s1_0.student_id,s1_0.address,s1_0.email,s1_0.phone_number,s1_0.student_name from student s1_0
]]></system-out>
  </testcase>
  <testcase name="Day10_testGetStudentById" classname="com.examly.springapp.SpringappApplicationTests" time="0.011">
    <system-out><![CDATA[Hibernate: select s1_0.student_id,s1_0.address,s1_0.email,s1_0.phone_number,s1_0.student_name from student s1_0 where s1_0.student_id=?
]]></system-out>
  </testcase>
  <testcase name="Day10_testUpdateStudent" classname="com.examly.springapp.SpringappApplicationTests" time="0.022">
    <system-out><![CDATA[Hibernate: select count(*) from student s1_0 where s1_0.student_id=?
Hibernate: select s1_0.student_id,s1_0.address,s1_0.email,s1_0.phone_number,s1_0.student_name from student s1_0 where s1_0.student_id=?
Hibernate: update student set address=?,email=?,phone_number=?,student_name=? where student_id=?
]]></system-out>
  </testcase>
  <testcase name="Day11_testGetCoursesByInstructor" classname="com.examly.springapp.SpringappApplicationTests" time="0.024">
    <failure type="java.lang.AssertionError"><![CDATA[java.lang.AssertionError: Status expected:<200> but was:<404>
	at com.examly.springapp.SpringappApplicationTests.Day11_testGetCoursesByInstructor(SpringappApplicationTests.java:923)
]]></failure>
    <system-out><![CDATA[
MockHttpServletRequest:
      HTTP Method = GET
      Request URI = /api/courses/instructor/1
       Parameters = {}
          Headers = [Accept:"application/json"]
             Body = null
    Session Attrs = {}

Handler:
             Type = org.springframework.web.servlet.resource.ResourceHttpRequestHandler

Async:
    Async started = false
     Async result = null

Resolved Exception:
             Type = org.springframework.web.servlet.resource.NoResourceFoundException

ModelAndView:
        View name = null
             View = null
            Model = null

FlashMap:
       Attributes = null

MockHttpServletResponse:
           Status = 404
    Error message = No static resource api/courses/instructor/1.
          Headers = [Vary:"Origin", "Access-Control-Request-Method", "Access-Control-Request-Headers"]
     Content type = null
             Body = 
    Forwarded URL = null
   Redirected URL = null
          Cookies = []
]]></system-out>
  </testcase>
  <testcase name="Day12_testGetCoursesByLevel" classname="com.examly.springapp.SpringappApplicationTests" time="0.006">
    <failure type="java.lang.AssertionError"><![CDATA[java.lang.AssertionError: Status expected:<200> but was:<404>
	at com.examly.springapp.SpringappApplicationTests.Day12_testGetCoursesByLevel(SpringappApplicationTests.java:934)
]]></failure>
    <system-out><![CDATA[
MockHttpServletRequest:
      HTTP Method = GET
      Request URI = /api/courses/level/Advanced
       Parameters = {}
          Headers = [Accept:"application/json"]
             Body = null
    Session Attrs = {}

Handler:
             Type = org.springframework.web.servlet.resource.ResourceHttpRequestHandler

Async:
    Async started = false
     Async result = null

Resolved Exception:
             Type = org.springframework.web.servlet.resource.NoResourceFoundException

ModelAndView:
        View name = null
             View = null
            Model = null

FlashMap:
       Attributes = null

MockHttpServletResponse:
           Status = 404
    Error message = No static resource api/courses/level/Advanced.
          Headers = [Vary:"Origin", "Access-Control-Request-Method", "Access-Control-Request-Headers"]
     Content type = null
             Body = 
    Forwarded URL = null
   Redirected URL = null
          Cookies = []
]]></system-out>
  </testcase>
  <testcase name="Day12_testGetStudentsByEmail" classname="com.examly.springapp.SpringappApplicationTests" time="0.005">
    <failure type="java.lang.AssertionError"><![CDATA[java.lang.AssertionError: Status expected:<200> but was:<404>
	at com.examly.springapp.SpringappApplicationTests.Day12_testGetStudentsByEmail(SpringappApplicationTests.java:946)
]]></failure>
    <system-out><![CDATA[
MockHttpServletRequest:
      HTTP Method = GET
      Request URI = /api/students/email/alice.updated@example.com
       Parameters = {}
          Headers = [Accept:"application/json"]
             Body = null
    Session Attrs = {}

Handler:
             Type = org.springframework.web.servlet.resource.ResourceHttpRequestHandler

Async:
    Async started = false
     Async result = null

Resolved Exception:
             Type = org.springframework.web.servlet.resource.NoResourceFoundException

ModelAndView:
        View name = null
             View = null
            Model = null

FlashMap:
       Attributes = null

MockHttpServletResponse:
           Status = 404
    Error message = No static resource api/students/email/alice.updated@example.com.
          Headers = [Vary:"Origin", "Access-Control-Request-Method", "Access-Control-Request-Headers"]
     Content type = null
             Body = 
    Forwarded URL = null
   Redirected URL = null
          Cookies = []
]]></system-out>
  </testcase>
  <testcase name="Day12_testGetCoursesByLevel_NotFound" classname="com.examly.springapp.SpringappApplicationTests" time="0.006">
    <failure type="java.lang.AssertionError"><![CDATA[java.lang.AssertionError: Status expected:<204> but was:<404>
	at com.examly.springapp.SpringappApplicationTests.Day12_testGetCoursesByLevel_NotFound(SpringappApplicationTests.java:958)
]]></failure>
    <system-out><![CDATA[
MockHttpServletRequest:
      HTTP Method = GET
      Request URI = /api/courses/level/Expert
       Parameters = {}
          Headers = [Accept:"application/json"]
             Body = null
    Session Attrs = {}

Handler:
             Type = org.springframework.web.servlet.resource.ResourceHttpRequestHandler

Async:
    Async started = false
     Async result = null

Resolved Exception:
             Type = org.springframework.web.servlet.resource.NoResourceFoundException

ModelAndView:
        View name = null
             View = null
            Model = null

FlashMap:
       Attributes = null

MockHttpServletResponse:
           Status = 404
    Error message = No static resource api/courses/level/Expert.
          Headers = [Vary:"Origin", "Access-Control-Request-Method", "Access-Control-Request-Headers"]
     Content type = null
             Body = 
    Forwarded URL = null
   Redirected URL = null
          Cookies = []
]]></system-out>
  </testcase>
  <testcase name="Day12_testGetInstructorBySpecialization" classname="com.examly.springapp.SpringappApplicationTests" time="0.008">
    <failure type="java.lang.AssertionError"><![CDATA[java.lang.AssertionError: Status expected:<200> but was:<404>
	at com.examly.springapp.SpringappApplicationTests.Day12_testGetInstructorBySpecialization(SpringappApplicationTests.java:968)
]]></failure>
    <system-out><![CDATA[
MockHttpServletRequest:
      HTTP Method = GET
      Request URI = /api/instructors/specialization/AI%20&%20Machine%20Learning
       Parameters = {}
          Headers = [Accept:"application/json"]
             Body = null
    Session Attrs = {}

Handler:
             Type = org.springframework.web.servlet.resource.ResourceHttpRequestHandler

Async:
    Async started = false
     Async result = null

Resolved Exception:
             Type = org.springframework.web.servlet.resource.NoResourceFoundException

ModelAndView:
        View name = null
             View = null
            Model = null

FlashMap:
       Attributes = null

MockHttpServletResponse:
           Status = 404
    Error message = No static resource api/instructors/specialization/AI & Machine Learning.
          Headers = [Vary:"Origin", "Access-Control-Request-Method", "Access-Control-Request-Headers"]
     Content type = null
             Body = 
    Forwarded URL = null
   Redirected URL = null
          Cookies = []
]]></system-out>
  </testcase>
  <testcase name="Day12_testGetInstructorBySpecialization_NotFound" classname="com.examly.springapp.SpringappApplicationTests" time="0.006">
    <failure type="java.lang.AssertionError"><![CDATA[java.lang.AssertionError: Response content expected:<No instructors found with specialization: Biology> but was:<>
	at com.examly.springapp.SpringappApplicationTests.Day12_testGetInstructorBySpecialization_NotFound(SpringappApplicationTests.java:980)
]]></failure>
    <system-out><![CDATA[
MockHttpServletRequest:
      HTTP Method = GET
      Request URI = /api/instructors/specialization/Biology
       Parameters = {}
          Headers = [Accept:"application/json"]
             Body = null
    Session Attrs = {}

Handler:
             Type = org.springframework.web.servlet.resource.ResourceHttpRequestHandler

Async:
    Async started = false
     Async result = null

Resolved Exception:
             Type = org.springframework.web.servlet.resource.NoResourceFoundException

ModelAndView:
        View name = null
             View = null
            Model = null

FlashMap:
       Attributes = null

MockHttpServletResponse:
           Status = 404
    Error message = No static resource api/instructors/specialization/Biology.
          Headers = [Vary:"Origin", "Access-Control-Request-Method", "Access-Control-Request-Headers"]
     Content type = null
             Body = 
    Forwarded URL = null
   Redirected URL = null
          Cookies = []
]]></system-out>
  </testcase>
  <testcase name="Day13_test_exception_Directory_Exists" classname="com.examly.springapp.SpringappApplicationTests" time="0.003">
    <failure type="org.opentest4j.AssertionFailedError"><![CDATA[org.opentest4j.AssertionFailedError: expected: <true> but was: <false>
	at com.examly.springapp.SpringappApplicationTests.Day13_test_exception_Directory_Exists(SpringappApplicationTests.java:986)
]]></failure>
  </testcase>
  <testcase name="Day13_test_GlobalException_File_Exists" classname="com.examly.springapp.SpringappApplicationTests" time="0.003">
    <failure type="org.opentest4j.AssertionFailedError"><![CDATA[org.opentest4j.AssertionFailedError: expected: <true> but was: <false>
	at com.examly.springapp.SpringappApplicationTests.Day13_test_GlobalException_File_Exists(SpringappApplicationTests.java:992)
]]></failure>
  </testcase>
  <testcase name="Day14_test_configuration_Directory_Exists" classname="com.examly.springapp.SpringappApplicationTests" time="0.003">
    <failure type="org.opentest4j.AssertionFailedError"><![CDATA[org.opentest4j.AssertionFailedError: expected: <true> but was: <false>
	at com.examly.springapp.SpringappApplicationTests.Day14_test_configuration_Directory_Exists(SpringappApplicationTests.java:998)
]]></failure>
  </testcase>
  <testcase name="Day15_testAOPLogFileExists" classname="com.examly.springapp.SpringappApplicationTests" time="0.003">
    <failure type="org.opentest4j.AssertionFailedError"><![CDATA[org.opentest4j.AssertionFailedError: expected: <true> but was: <false>
	at com.examly.springapp.SpringappApplicationTests.Day15_testAOPLogFileExists(SpringappApplicationTests.java:1004)
]]></failure>
  </testcase>
</testsuite>